{"/mnt/c/Users/marci/OneDrive/Pulpit/n8n/tests/budget-guard-test.js": {"path":"/mnt/c/Users/marci/OneDrive/Pulpit/n8n/tests/budget-guard-test.js","statementMap":{"0":{"start":{"line":6,"column":11},"end":{"line":6,"column":33}},"1":{"start":{"line":7,"column":13},"end":{"line":7,"column":28}},"2":{"start":{"line":8,"column":29},"end":{"line":8,"column":62}},"3":{"start":{"line":11,"column":20},"end":{"line":14,"column":1}},"4":{"start":{"line":17,"column":20},"end":{"line":21,"column":1}},"5":{"start":{"line":25,"column":20},"end":{"line":25,"column":44}},"6":{"start":{"line":26,"column":21},"end":{"line":26,"column":50}},"7":{"start":{"line":27,"column":2},"end":{"line":27,"column":80}},"8":{"start":{"line":29,"column":2},"end":{"line":30,"column":28}},"9":{"start":{"line":29,"column":25},"end":{"line":29,"column":46}},"10":{"start":{"line":30,"column":7},"end":{"line":30,"column":28}},"11":{"start":{"line":34,"column":2},"end":{"line":39,"column":5}},"12":{"start":{"line":44,"column":16},"end":{"line":44,"column":54}},"13":{"start":{"line":45,"column":19},"end":{"line":45,"column":21}},"14":{"start":{"line":47,"column":2},"end":{"line":61,"column":3}},"15":{"start":{"line":49,"column":25},"end":{"line":49,"column":39}},"16":{"start":{"line":50,"column":4},"end":{"line":60,"column":5}},"17":{"start":{"line":50,"column":17},"end":{"line":50,"column":18}},"18":{"start":{"line":51,"column":6},"end":{"line":59,"column":9}},"19":{"start":{"line":63,"column":2},"end":{"line":63,"column":82}},"20":{"start":{"line":68,"column":2},"end":{"line":72,"column":3}},"21":{"start":{"line":69,"column":4},"end":{"line":69,"column":46}},"22":{"start":{"line":75,"column":2},"end":{"line":79,"column":3}},"23":{"start":{"line":76,"column":4},"end":{"line":76,"column":61}},"24":{"start":{"line":78,"column":4},"end":{"line":78,"column":42}},"25":{"start":{"line":84,"column":2},"end":{"line":117,"column":3}},"26":{"start":{"line":86,"column":4},"end":{"line":86,"column":44}},"27":{"start":{"line":87,"column":4},"end":{"line":87,"column":35}},"28":{"start":{"line":90,"column":25},"end":{"line":90,"column":70}},"29":{"start":{"line":91,"column":4},"end":{"line":91,"column":74}},"30":{"start":{"line":92,"column":4},"end":{"line":92,"column":62}},"31":{"start":{"line":94,"column":19},"end":{"line":94,"column":43}},"32":{"start":{"line":97,"column":4},"end":{"line":103,"column":5}},"33":{"start":{"line":98,"column":6},"end":{"line":98,"column":64}},"34":{"start":{"line":99,"column":6},"end":{"line":99,"column":48}},"35":{"start":{"line":102,"column":6},"end":{"line":102,"column":36}},"36":{"start":{"line":105,"column":4},"end":{"line":112,"column":5}},"37":{"start":{"line":109,"column":6},"end":{"line":109,"column":81}},"38":{"start":{"line":111,"column":6},"end":{"line":111,"column":124}},"39":{"start":{"line":115,"column":4},"end":{"line":115,"column":59}},"40":{"start":{"line":116,"column":4},"end":{"line":116,"column":44}},"41":{"start":{"line":122,"column":2},"end":{"line":154,"column":3}},"42":{"start":{"line":124,"column":4},"end":{"line":124,"column":44}},"43":{"start":{"line":125,"column":4},"end":{"line":125,"column":35}},"44":{"start":{"line":128,"column":25},"end":{"line":128,"column":70}},"45":{"start":{"line":129,"column":4},"end":{"line":129,"column":74}},"46":{"start":{"line":130,"column":4},"end":{"line":130,"column":62}},"47":{"start":{"line":132,"column":19},"end":{"line":132,"column":43}},"48":{"start":{"line":135,"column":4},"end":{"line":140,"column":5}},"49":{"start":{"line":136,"column":6},"end":{"line":136,"column":64}},"50":{"start":{"line":137,"column":6},"end":{"line":137,"column":48}},"51":{"start":{"line":139,"column":6},"end":{"line":139,"column":36}},"52":{"start":{"line":142,"column":4},"end":{"line":149,"column":5}},"53":{"start":{"line":146,"column":6},"end":{"line":146,"column":110}},"54":{"start":{"line":148,"column":6},"end":{"line":148,"column":117}},"55":{"start":{"line":152,"column":4},"end":{"line":152,"column":54}},"56":{"start":{"line":153,"column":4},"end":{"line":153,"column":39}},"57":{"start":{"line":159,"column":2},"end":{"line":194,"column":3}},"58":{"start":{"line":161,"column":4},"end":{"line":161,"column":44}},"59":{"start":{"line":164,"column":25},"end":{"line":164,"column":70}},"60":{"start":{"line":165,"column":22},"end":{"line":165,"column":27}},"61":{"start":{"line":167,"column":4},"end":{"line":173,"column":5}},"62":{"start":{"line":168,"column":6},"end":{"line":168,"column":36}},"63":{"start":{"line":169,"column":6},"end":{"line":169,"column":25}},"64":{"start":{"line":170,"column":6},"end":{"line":170,"column":62}},"65":{"start":{"line":175,"column":19},"end":{"line":175,"column":43}},"66":{"start":{"line":178,"column":4},"end":{"line":180,"column":5}},"67":{"start":{"line":179,"column":6},"end":{"line":179,"column":62}},"68":{"start":{"line":182,"column":4},"end":{"line":189,"column":5}},"69":{"start":{"line":186,"column":6},"end":{"line":186,"column":99}},"70":{"start":{"line":188,"column":6},"end":{"line":188,"column":100}},"71":{"start":{"line":192,"column":4},"end":{"line":192,"column":51}},"72":{"start":{"line":193,"column":4},"end":{"line":193,"column":36}},"73":{"start":{"line":199,"column":2},"end":{"line":228,"column":3}},"74":{"start":{"line":201,"column":4},"end":{"line":201,"column":42}},"75":{"start":{"line":202,"column":4},"end":{"line":202,"column":32}},"76":{"start":{"line":205,"column":25},"end":{"line":205,"column":70}},"77":{"start":{"line":206,"column":4},"end":{"line":206,"column":74}},"78":{"start":{"line":207,"column":4},"end":{"line":207,"column":62}},"79":{"start":{"line":209,"column":19},"end":{"line":209,"column":43}},"80":{"start":{"line":212,"column":4},"end":{"line":217,"column":5}},"81":{"start":{"line":213,"column":6},"end":{"line":213,"column":64}},"82":{"start":{"line":214,"column":6},"end":{"line":214,"column":48}},"83":{"start":{"line":216,"column":6},"end":{"line":216,"column":36}},"84":{"start":{"line":219,"column":4},"end":{"line":223,"column":5}},"85":{"start":{"line":220,"column":6},"end":{"line":220,"column":87}},"86":{"start":{"line":222,"column":6},"end":{"line":222,"column":107}},"87":{"start":{"line":226,"column":4},"end":{"line":226,"column":59}},"88":{"start":{"line":227,"column":4},"end":{"line":227,"column":44}},"89":{"start":{"line":233,"column":2},"end":{"line":261,"column":3}},"90":{"start":{"line":235,"column":25},"end":{"line":235,"column":70}},"91":{"start":{"line":236,"column":26},"end":{"line":236,"column":57}},"92":{"start":{"line":238,"column":4},"end":{"line":238,"column":64}},"93":{"start":{"line":239,"column":4},"end":{"line":239,"column":62}},"94":{"start":{"line":241,"column":19},"end":{"line":241,"column":43}},"95":{"start":{"line":244,"column":4},"end":{"line":249,"column":5}},"96":{"start":{"line":245,"column":6},"end":{"line":245,"column":36}},"97":{"start":{"line":246,"column":6},"end":{"line":246,"column":48}},"98":{"start":{"line":252,"column":4},"end":{"line":256,"column":5}},"99":{"start":{"line":253,"column":6},"end":{"line":253,"column":109}},"100":{"start":{"line":255,"column":6},"end":{"line":255,"column":107}},"101":{"start":{"line":259,"column":4},"end":{"line":259,"column":53}},"102":{"start":{"line":260,"column":4},"end":{"line":260,"column":38}},"103":{"start":{"line":266,"column":2},"end":{"line":266,"column":54}},"104":{"start":{"line":267,"column":2},"end":{"line":267,"column":30}},"105":{"start":{"line":269,"column":20},"end":{"line":269,"column":30}},"106":{"start":{"line":271,"column":2},"end":{"line":310,"column":3}},"107":{"start":{"line":272,"column":4},"end":{"line":272,"column":35}},"108":{"start":{"line":273,"column":4},"end":{"line":273,"column":31}},"109":{"start":{"line":274,"column":4},"end":{"line":274,"column":27}},"110":{"start":{"line":275,"column":4},"end":{"line":275,"column":35}},"111":{"start":{"line":276,"column":4},"end":{"line":276,"column":30}},"112":{"start":{"line":279,"column":4},"end":{"line":279,"column":20}},"113":{"start":{"line":282,"column":21},"end":{"line":282,"column":65}},"114":{"start":{"line":283,"column":4},"end":{"line":283,"column":39}},"115":{"start":{"line":284,"column":4},"end":{"line":284,"column":48}},"116":{"start":{"line":285,"column":4},"end":{"line":285,"column":32}},"117":{"start":{"line":286,"column":4},"end":{"line":286,"column":51}},"118":{"start":{"line":287,"column":4},"end":{"line":287,"column":51}},"119":{"start":{"line":288,"column":4},"end":{"line":288,"column":45}},"120":{"start":{"line":290,"column":4},"end":{"line":295,"column":5}},"121":{"start":{"line":291,"column":6},"end":{"line":291,"column":40}},"122":{"start":{"line":292,"column":6},"end":{"line":294,"column":9}},"123":{"start":{"line":293,"column":8},"end":{"line":293,"column":69}},"124":{"start":{"line":298,"column":4},"end":{"line":304,"column":5}},"125":{"start":{"line":299,"column":6},"end":{"line":299,"column":51}},"126":{"start":{"line":300,"column":6},"end":{"line":300,"column":19}},"127":{"start":{"line":302,"column":6},"end":{"line":302,"column":56}},"128":{"start":{"line":303,"column":6},"end":{"line":303,"column":18}},"129":{"start":{"line":307,"column":4},"end":{"line":307,"column":20}},"130":{"start":{"line":308,"column":4},"end":{"line":308,"column":56}},"131":{"start":{"line":309,"column":4},"end":{"line":309,"column":17}},"132":{"start":{"line":314,"column":0},"end":{"line":321,"column":2}},"133":{"start":{"line":324,"column":0},"end":{"line":331,"column":1}},"134":{"start":{"line":325,"column":2},"end":{"line":330,"column":5}},"135":{"start":{"line":326,"column":4},"end":{"line":326,"column":34}},"136":{"start":{"line":328,"column":4},"end":{"line":328,"column":47}},"137":{"start":{"line":329,"column":4},"end":{"line":329,"column":20}}},"fnMap":{"0":{"name":"logTest","decl":{"start":{"line":24,"column":9},"end":{"line":24,"column":16}},"loc":{"start":{"line":24,"column":49},"end":{"line":31,"column":1}},"line":24},"1":{"name":"addError","decl":{"start":{"line":33,"column":9},"end":{"line":33,"column":17}},"loc":{"start":{"line":33,"column":35},"end":{"line":40,"column":1}},"line":33},"2":{"name":"createMockCostData","decl":{"start":{"line":43,"column":15},"end":{"line":43,"column":33}},"loc":{"start":{"line":43,"column":50},"end":{"line":64,"column":1}},"line":43},"3":{"name":"cleanup","decl":{"start":{"line":67,"column":15},"end":{"line":67,"column":22}},"loc":{"start":{"line":67,"column":25},"end":{"line":80,"column":1}},"line":67},"4":{"name":"testBudgetWithinLimits","decl":{"start":{"line":83,"column":15},"end":{"line":83,"column":37}},"loc":{"start":{"line":83,"column":40},"end":{"line":118,"column":1}},"line":83},"5":{"name":"testBudgetExceeded","decl":{"start":{"line":121,"column":15},"end":{"line":121,"column":33}},"loc":{"start":{"line":121,"column":36},"end":{"line":155,"column":1}},"line":121},"6":{"name":"testNoCostData","decl":{"start":{"line":158,"column":15},"end":{"line":158,"column":29}},"loc":{"start":{"line":158,"column":32},"end":{"line":195,"column":1}},"line":158},"7":{"name":"testDefaultBudgetLimit","decl":{"start":{"line":198,"column":15},"end":{"line":198,"column":37}},"loc":{"start":{"line":198,"column":40},"end":{"line":229,"column":1}},"line":198},"8":{"name":"testErrorHandling","decl":{"start":{"line":232,"column":15},"end":{"line":232,"column":32}},"loc":{"start":{"line":232,"column":35},"end":{"line":262,"column":1}},"line":232},"9":{"name":"runBudgetGuardTests","decl":{"start":{"line":265,"column":15},"end":{"line":265,"column":34}},"loc":{"start":{"line":265,"column":37},"end":{"line":311,"column":1}},"line":265},"10":{"name":"(anonymous_10)","decl":{"start":{"line":292,"column":33},"end":{"line":292,"column":34}},"loc":{"start":{"line":292,"column":51},"end":{"line":294,"column":7}},"line":292},"11":{"name":"(anonymous_11)","decl":{"start":{"line":325,"column":29},"end":{"line":325,"column":30}},"loc":{"start":{"line":325,"column":40},"end":{"line":327,"column":3}},"line":325},"12":{"name":"(anonymous_12)","decl":{"start":{"line":327,"column":11},"end":{"line":327,"column":12}},"loc":{"start":{"line":327,"column":20},"end":{"line":330,"column":3}},"line":327}},"branchMap":{"0":{"loc":{"start":{"line":24,"column":35},"end":{"line":24,"column":47}},"type":"default-arg","locations":[{"start":{"line":24,"column":45},"end":{"line":24,"column":47}}],"line":24},"1":{"loc":{"start":{"line":26,"column":21},"end":{"line":26,"column":50}},"type":"cond-expr","locations":[{"start":{"line":26,"column":41},"end":{"line":26,"column":44}},{"start":{"line":26,"column":47},"end":{"line":26,"column":50}}],"line":26},"2":{"loc":{"start":{"line":29,"column":2},"end":{"line":30,"column":28}},"type":"if","locations":[{"start":{"line":29,"column":2},"end":{"line":30,"column":28}},{"start":{"line":30,"column":7},"end":{"line":30,"column":28}}],"line":29},"3":{"loc":{"start":{"line":43,"column":34},"end":{"line":43,"column":48}},"type":"default-arg","locations":[{"start":{"line":43,"column":47},"end":{"line":43,"column":48}}],"line":43},"4":{"loc":{"start":{"line":47,"column":2},"end":{"line":61,"column":3}},"type":"if","locations":[{"start":{"line":47,"column":2},"end":{"line":61,"column":3}},{"start":{},"end":{}}],"line":47},"5":{"loc":{"start":{"line":75,"column":2},"end":{"line":79,"column":3}},"type":"if","locations":[{"start":{"line":75,"column":2},"end":{"line":79,"column":3}},{"start":{"line":77,"column":9},"end":{"line":79,"column":3}}],"line":75},"6":{"loc":{"start":{"line":105,"column":4},"end":{"line":112,"column":5}},"type":"if","locations":[{"start":{"line":105,"column":4},"end":{"line":112,"column":5}},{"start":{"line":110,"column":11},"end":{"line":112,"column":5}}],"line":105},"7":{"loc":{"start":{"line":105,"column":8},"end":{"line":108,"column":35}},"type":"binary-expr","locations":[{"start":{"line":105,"column":8},"end":{"line":105,"column":36}},{"start":{"line":106,"column":8},"end":{"line":106,"column":33}},{"start":{"line":107,"column":8},"end":{"line":107,"column":34}},{"start":{"line":108,"column":8},"end":{"line":108,"column":35}}],"line":105},"8":{"loc":{"start":{"line":142,"column":4},"end":{"line":149,"column":5}},"type":"if","locations":[{"start":{"line":142,"column":4},"end":{"line":149,"column":5}},{"start":{"line":147,"column":11},"end":{"line":149,"column":5}}],"line":142},"9":{"loc":{"start":{"line":142,"column":8},"end":{"line":145,"column":35}},"type":"binary-expr","locations":[{"start":{"line":142,"column":8},"end":{"line":142,"column":37}},{"start":{"line":143,"column":8},"end":{"line":143,"column":30}},{"start":{"line":144,"column":8},"end":{"line":144,"column":34}},{"start":{"line":145,"column":8},"end":{"line":145,"column":35}}],"line":142},"10":{"loc":{"start":{"line":178,"column":4},"end":{"line":180,"column":5}},"type":"if","locations":[{"start":{"line":178,"column":4},"end":{"line":180,"column":5}},{"start":{},"end":{}}],"line":178},"11":{"loc":{"start":{"line":182,"column":4},"end":{"line":189,"column":5}},"type":"if","locations":[{"start":{"line":182,"column":4},"end":{"line":189,"column":5}},{"start":{"line":187,"column":11},"end":{"line":189,"column":5}}],"line":182},"12":{"loc":{"start":{"line":182,"column":8},"end":{"line":185,"column":35}},"type":"binary-expr","locations":[{"start":{"line":182,"column":8},"end":{"line":182,"column":36}},{"start":{"line":183,"column":8},"end":{"line":183,"column":33}},{"start":{"line":184,"column":8},"end":{"line":184,"column":31}},{"start":{"line":185,"column":8},"end":{"line":185,"column":35}}],"line":182},"13":{"loc":{"start":{"line":219,"column":4},"end":{"line":223,"column":5}},"type":"if","locations":[{"start":{"line":219,"column":4},"end":{"line":223,"column":5}},{"start":{"line":221,"column":11},"end":{"line":223,"column":5}}],"line":219},"14":{"loc":{"start":{"line":219,"column":8},"end":{"line":219,"column":67}},"type":"binary-expr","locations":[{"start":{"line":219,"column":8},"end":{"line":219,"column":35}},{"start":{"line":219,"column":39},"end":{"line":219,"column":67}}],"line":219},"15":{"loc":{"start":{"line":252,"column":4},"end":{"line":256,"column":5}},"type":"if","locations":[{"start":{"line":252,"column":4},"end":{"line":256,"column":5}},{"start":{"line":254,"column":11},"end":{"line":256,"column":5}}],"line":252},"16":{"loc":{"start":{"line":252,"column":8},"end":{"line":252,"column":94}},"type":"binary-expr","locations":[{"start":{"line":252,"column":8},"end":{"line":252,"column":36}},{"start":{"line":252,"column":40},"end":{"line":252,"column":67}},{"start":{"line":252,"column":71},"end":{"line":252,"column":94}}],"line":252},"17":{"loc":{"start":{"line":290,"column":4},"end":{"line":295,"column":5}},"type":"if","locations":[{"start":{"line":290,"column":4},"end":{"line":295,"column":5}},{"start":{},"end":{}}],"line":290},"18":{"loc":{"start":{"line":298,"column":4},"end":{"line":304,"column":5}},"type":"if","locations":[{"start":{"line":298,"column":4},"end":{"line":304,"column":5}},{"start":{"line":301,"column":11},"end":{"line":304,"column":5}}],"line":298},"19":{"loc":{"start":{"line":324,"column":0},"end":{"line":331,"column":1}},"type":"if","locations":[{"start":{"line":324,"column":0},"end":{"line":331,"column":1}},{"start":{},"end":{}}],"line":324},"20":{"loc":{"start":{"line":326,"column":17},"end":{"line":326,"column":32}},"type":"cond-expr","locations":[{"start":{"line":326,"column":27},"end":{"line":326,"column":28}},{"start":{"line":326,"column":31},"end":{"line":326,"column":32}}],"line":326}},"s":{"0":0,"1":0,"2":0,"3":0,"4":0,"5":0,"6":0,"7":0,"8":0,"9":0,"10":0,"11":0,"12":0,"13":0,"14":0,"15":0,"16":0,"17":0,"18":0,"19":0,"20":0,"21":0,"22":0,"23":0,"24":0,"25":0,"26":0,"27":0,"28":0,"29":0,"30":0,"31":0,"32":0,"33":0,"34":0,"35":0,"36":0,"37":0,"38":0,"39":0,"40":0,"41":0,"42":0,"43":0,"44":0,"45":0,"46":0,"47":0,"48":0,"49":0,"50":0,"51":0,"52":0,"53":0,"54":0,"55":0,"56":0,"57":0,"58":0,"59":0,"60":0,"61":0,"62":0,"63":0,"64":0,"65":0,"66":0,"67":0,"68":0,"69":0,"70":0,"71":0,"72":0,"73":0,"74":0,"75":0,"76":0,"77":0,"78":0,"79":0,"80":0,"81":0,"82":0,"83":0,"84":0,"85":0,"86":0,"87":0,"88":0,"89":0,"90":0,"91":0,"92":0,"93":0,"94":0,"95":0,"96":0,"97":0,"98":0,"99":0,"100":0,"101":0,"102":0,"103":0,"104":0,"105":0,"106":0,"107":0,"108":0,"109":0,"110":0,"111":0,"112":0,"113":0,"114":0,"115":0,"116":0,"117":0,"118":0,"119":0,"120":0,"121":0,"122":0,"123":0,"124":0,"125":0,"126":0,"127":0,"128":0,"129":0,"130":0,"131":0,"132":0,"133":0,"134":0,"135":0,"136":0,"137":0},"f":{"0":0,"1":0,"2":0,"3":0,"4":0,"5":0,"6":0,"7":0,"8":0,"9":0,"10":0,"11":0,"12":0},"b":{"0":[0],"1":[0,0],"2":[0,0],"3":[0],"4":[0,0],"5":[0,0],"6":[0,0],"7":[0,0,0,0],"8":[0,0],"9":[0,0,0,0],"10":[0,0],"11":[0,0],"12":[0,0,0,0],"13":[0,0],"14":[0,0],"15":[0,0],"16":[0,0,0],"17":[0,0],"18":[0,0],"19":[0,0],"20":[0,0]}}
,"/mnt/c/Users/marci/OneDrive/Pulpit/n8n/tests/qc-smoke-tests.js": {"path":"/mnt/c/Users/marci/OneDrive/Pulpit/n8n/tests/qc-smoke-tests.js","statementMap":{"0":{"start":{"line":6,"column":28},"end":{"line":6,"column":66}},"1":{"start":{"line":7,"column":27},"end":{"line":7,"column":64}},"2":{"start":{"line":8,"column":30},"end":{"line":8,"column":70}},"3":{"start":{"line":9,"column":25},"end":{"line":9,"column":60}},"4":{"start":{"line":10,"column":28},"end":{"line":10,"column":61}},"5":{"start":{"line":11,"column":32},"end":{"line":11,"column":66}},"6":{"start":{"line":14,"column":20},"end":{"line":19,"column":1}},"7":{"start":{"line":22,"column":20},"end":{"line":27,"column":1}},"8":{"start":{"line":31,"column":20},"end":{"line":31,"column":44}},"9":{"start":{"line":32,"column":21},"end":{"line":32,"column":77}},"10":{"start":{"line":33,"column":2},"end":{"line":33,"column":80}},"11":{"start":{"line":35,"column":2},"end":{"line":37,"column":29}},"12":{"start":{"line":35,"column":25},"end":{"line":35,"column":46}},"13":{"start":{"line":36,"column":7},"end":{"line":37,"column":29}},"14":{"start":{"line":36,"column":30},"end":{"line":36,"column":51}},"15":{"start":{"line":37,"column":7},"end":{"line":37,"column":29}},"16":{"start":{"line":41,"column":2},"end":{"line":46,"column":5}},"17":{"start":{"line":51,"column":2},"end":{"line":51,"column":54}},"18":{"start":{"line":53,"column":2},"end":{"line":83,"column":3}},"19":{"start":{"line":54,"column":19},"end":{"line":54,"column":40}},"20":{"start":{"line":57,"column":19},"end":{"line":57,"column":45}},"21":{"start":{"line":58,"column":4},"end":{"line":62,"column":5}},"22":{"start":{"line":59,"column":6},"end":{"line":59,"column":71}},"23":{"start":{"line":61,"column":6},"end":{"line":61,"column":80}},"24":{"start":{"line":65,"column":19},"end":{"line":65,"column":66}},"25":{"start":{"line":66,"column":4},"end":{"line":70,"column":5}},"26":{"start":{"line":67,"column":6},"end":{"line":67,"column":108}},"27":{"start":{"line":69,"column":6},"end":{"line":69,"column":75}},"28":{"start":{"line":73,"column":4},"end":{"line":78,"column":5}},"29":{"start":{"line":74,"column":6},"end":{"line":74,"column":33}},"30":{"start":{"line":75,"column":6},"end":{"line":75,"column":92}},"31":{"start":{"line":77,"column":6},"end":{"line":77,"column":82}},"32":{"start":{"line":81,"column":4},"end":{"line":81,"column":55}},"33":{"start":{"line":82,"column":4},"end":{"line":82,"column":32}},"34":{"start":{"line":88,"column":2},"end":{"line":88,"column":60}},"35":{"start":{"line":90,"column":2},"end":{"line":122,"column":3}},"36":{"start":{"line":91,"column":19},"end":{"line":91,"column":39}},"37":{"start":{"line":94,"column":19},"end":{"line":94,"column":45}},"38":{"start":{"line":95,"column":4},"end":{"line":99,"column":5}},"39":{"start":{"line":96,"column":6},"end":{"line":96,"column":71}},"40":{"start":{"line":98,"column":6},"end":{"line":98,"column":80}},"41":{"start":{"line":102,"column":19},"end":{"line":102,"column":78}},"42":{"start":{"line":103,"column":4},"end":{"line":108,"column":5}},"43":{"start":{"line":104,"column":6},"end":{"line":105,"column":109}},"44":{"start":{"line":107,"column":6},"end":{"line":107,"column":79}},"45":{"start":{"line":111,"column":23},"end":{"line":111,"column":38}},"46":{"start":{"line":112,"column":22},"end":{"line":112,"column":59}},"47":{"start":{"line":113,"column":4},"end":{"line":117,"column":5}},"48":{"start":{"line":114,"column":6},"end":{"line":114,"column":90}},"49":{"start":{"line":116,"column":6},"end":{"line":116,"column":85}},"50":{"start":{"line":120,"column":4},"end":{"line":120,"column":55}},"51":{"start":{"line":121,"column":4},"end":{"line":121,"column":32}},"52":{"start":{"line":127,"column":2},"end":{"line":127,"column":63}},"53":{"start":{"line":129,"column":2},"end":{"line":169,"column":3}},"54":{"start":{"line":130,"column":19},"end":{"line":130,"column":42}},"55":{"start":{"line":133,"column":19},"end":{"line":133,"column":45}},"56":{"start":{"line":134,"column":4},"end":{"line":138,"column":5}},"57":{"start":{"line":135,"column":6},"end":{"line":135,"column":71}},"58":{"start":{"line":137,"column":6},"end":{"line":137,"column":80}},"59":{"start":{"line":141,"column":19},"end":{"line":141,"column":73}},"60":{"start":{"line":142,"column":4},"end":{"line":147,"column":5}},"61":{"start":{"line":143,"column":6},"end":{"line":144,"column":120}},"62":{"start":{"line":146,"column":6},"end":{"line":146,"column":82}},"63":{"start":{"line":150,"column":26},"end":{"line":150,"column":63}},"64":{"start":{"line":151,"column":4},"end":{"line":155,"column":5}},"65":{"start":{"line":152,"column":6},"end":{"line":152,"column":98}},"66":{"start":{"line":154,"column":6},"end":{"line":154,"column":78}},"67":{"start":{"line":158,"column":22},"end":{"line":158,"column":34}},"68":{"start":{"line":159,"column":24},"end":{"line":159,"column":64}},"69":{"start":{"line":160,"column":4},"end":{"line":164,"column":5}},"70":{"start":{"line":161,"column":6},"end":{"line":161,"column":105}},"71":{"start":{"line":163,"column":6},"end":{"line":163,"column":81}},"72":{"start":{"line":167,"column":4},"end":{"line":167,"column":55}},"73":{"start":{"line":168,"column":4},"end":{"line":168,"column":32}},"74":{"start":{"line":174,"column":2},"end":{"line":174,"column":60}},"75":{"start":{"line":176,"column":2},"end":{"line":215,"column":3}},"76":{"start":{"line":177,"column":19},"end":{"line":177,"column":37}},"77":{"start":{"line":180,"column":19},"end":{"line":180,"column":45}},"78":{"start":{"line":181,"column":4},"end":{"line":185,"column":5}},"79":{"start":{"line":182,"column":6},"end":{"line":182,"column":71}},"80":{"start":{"line":184,"column":6},"end":{"line":184,"column":80}},"81":{"start":{"line":188,"column":22},"end":{"line":188,"column":58}},"82":{"start":{"line":189,"column":4},"end":{"line":193,"column":5}},"83":{"start":{"line":190,"column":6},"end":{"line":190,"column":90}},"84":{"start":{"line":192,"column":6},"end":{"line":192,"column":78}},"85":{"start":{"line":196,"column":19},"end":{"line":196,"column":77}},"86":{"start":{"line":197,"column":4},"end":{"line":202,"column":5}},"87":{"start":{"line":198,"column":6},"end":{"line":199,"column":109}},"88":{"start":{"line":201,"column":6},"end":{"line":201,"column":79}},"89":{"start":{"line":205,"column":25},"end":{"line":205,"column":102}},"90":{"start":{"line":206,"column":4},"end":{"line":210,"column":5}},"91":{"start":{"line":207,"column":6},"end":{"line":207,"column":85}},"92":{"start":{"line":209,"column":6},"end":{"line":209,"column":82}},"93":{"start":{"line":213,"column":4},"end":{"line":213,"column":55}},"94":{"start":{"line":214,"column":4},"end":{"line":214,"column":32}},"95":{"start":{"line":220,"column":2},"end":{"line":220,"column":45}},"96":{"start":{"line":222,"column":2},"end":{"line":266,"column":3}},"97":{"start":{"line":224,"column":25},"end":{"line":224,"column":48}},"98":{"start":{"line":225,"column":4},"end":{"line":229,"column":5}},"99":{"start":{"line":226,"column":6},"end":{"line":226,"column":97}},"100":{"start":{"line":228,"column":6},"end":{"line":228,"column":86}},"101":{"start":{"line":232,"column":25},"end":{"line":235,"column":5}},"102":{"start":{"line":233,"column":6},"end":{"line":233,"column":59}},"103":{"start":{"line":233,"column":29},"end":{"line":233,"column":59}},"104":{"start":{"line":234,"column":6},"end":{"line":234,"column":23}},"105":{"start":{"line":237,"column":28},"end":{"line":237,"column":60}},"106":{"start":{"line":240,"column":26},"end":{"line":240,"column":58}},"107":{"start":{"line":241,"column":4},"end":{"line":245,"column":5}},"108":{"start":{"line":242,"column":6},"end":{"line":242,"column":83}},"109":{"start":{"line":244,"column":6},"end":{"line":244,"column":73}},"110":{"start":{"line":248,"column":4},"end":{"line":253,"column":5}},"111":{"start":{"line":249,"column":6},"end":{"line":249,"column":37}},"112":{"start":{"line":250,"column":6},"end":{"line":250,"column":78}},"113":{"start":{"line":252,"column":6},"end":{"line":252,"column":80}},"114":{"start":{"line":256,"column":23},"end":{"line":256,"column":51}},"115":{"start":{"line":257,"column":4},"end":{"line":261,"column":5}},"116":{"start":{"line":258,"column":6},"end":{"line":258,"column":79}},"117":{"start":{"line":260,"column":6},"end":{"line":260,"column":72}},"118":{"start":{"line":264,"column":4},"end":{"line":264,"column":61}},"119":{"start":{"line":265,"column":4},"end":{"line":265,"column":38}},"120":{"start":{"line":271,"column":2},"end":{"line":271,"column":54}},"121":{"start":{"line":273,"column":2},"end":{"line":318,"column":3}},"122":{"start":{"line":275,"column":23},"end":{"line":279,"column":5}},"123":{"start":{"line":282,"column":28},"end":{"line":282,"column":49}},"124":{"start":{"line":283,"column":24},"end":{"line":283,"column":72}},"125":{"start":{"line":286,"column":30},"end":{"line":286,"column":53}},"126":{"start":{"line":287,"column":30},"end":{"line":287,"column":87}},"127":{"start":{"line":290,"column":27},"end":{"line":290,"column":47}},"128":{"start":{"line":291,"column":27},"end":{"line":291,"column":94}},"129":{"start":{"line":294,"column":25},"end":{"line":294,"column":43}},"130":{"start":{"line":295,"column":25},"end":{"line":295,"column":81}},"131":{"start":{"line":298,"column":22},"end":{"line":299,"column":63}},"132":{"start":{"line":299,"column":23},"end":{"line":299,"column":62}},"133":{"start":{"line":301,"column":4},"end":{"line":305,"column":5}},"134":{"start":{"line":302,"column":6},"end":{"line":302,"column":85}},"135":{"start":{"line":304,"column":6},"end":{"line":304,"column":78}},"136":{"start":{"line":308,"column":25},"end":{"line":308,"column":48}},"137":{"start":{"line":309,"column":4},"end":{"line":313,"column":5}},"138":{"start":{"line":310,"column":6},"end":{"line":310,"column":125}},"139":{"start":{"line":312,"column":6},"end":{"line":312,"column":82}},"140":{"start":{"line":316,"column":4},"end":{"line":316,"column":63}},"141":{"start":{"line":317,"column":4},"end":{"line":317,"column":35}},"142":{"start":{"line":323,"column":2},"end":{"line":323,"column":61}},"143":{"start":{"line":324,"column":2},"end":{"line":324,"column":30}},"144":{"start":{"line":326,"column":20},"end":{"line":326,"column":30}},"145":{"start":{"line":329,"column":18},"end":{"line":332,"column":12}},"146":{"start":{"line":330,"column":4},"end":{"line":330,"column":60}},"147":{"start":{"line":331,"column":4},"end":{"line":331,"column":20}},"148":{"start":{"line":334,"column":2},"end":{"line":376,"column":3}},"149":{"start":{"line":336,"column":4},"end":{"line":336,"column":32}},"150":{"start":{"line":337,"column":4},"end":{"line":337,"column":30}},"151":{"start":{"line":338,"column":4},"end":{"line":338,"column":33}},"152":{"start":{"line":339,"column":4},"end":{"line":339,"column":28}},"153":{"start":{"line":340,"column":4},"end":{"line":340,"column":30}},"154":{"start":{"line":341,"column":4},"end":{"line":341,"column":28}},"155":{"start":{"line":344,"column":4},"end":{"line":344,"column":26}},"156":{"start":{"line":347,"column":21},"end":{"line":347,"column":65}},"157":{"start":{"line":348,"column":4},"end":{"line":348,"column":39}},"158":{"start":{"line":349,"column":4},"end":{"line":349,"column":43}},"159":{"start":{"line":350,"column":4},"end":{"line":350,"column":32}},"160":{"start":{"line":351,"column":4},"end":{"line":351,"column":51}},"161":{"start":{"line":352,"column":4},"end":{"line":352,"column":51}},"162":{"start":{"line":353,"column":4},"end":{"line":353,"column":54}},"163":{"start":{"line":354,"column":4},"end":{"line":354,"column":45}},"164":{"start":{"line":356,"column":4},"end":{"line":361,"column":5}},"165":{"start":{"line":357,"column":6},"end":{"line":357,"column":40}},"166":{"start":{"line":358,"column":6},"end":{"line":360,"column":9}},"167":{"start":{"line":359,"column":8},"end":{"line":359,"column":69}},"168":{"start":{"line":364,"column":4},"end":{"line":370,"column":5}},"169":{"start":{"line":365,"column":6},"end":{"line":365,"column":78}},"170":{"start":{"line":366,"column":6},"end":{"line":366,"column":22}},"171":{"start":{"line":368,"column":6},"end":{"line":368,"column":84}},"172":{"start":{"line":369,"column":6},"end":{"line":369,"column":22}},"173":{"start":{"line":373,"column":4},"end":{"line":373,"column":26}},"174":{"start":{"line":374,"column":4},"end":{"line":374,"column":56}},"175":{"start":{"line":375,"column":4},"end":{"line":375,"column":20}},"176":{"start":{"line":380,"column":0},"end":{"line":388,"column":2}},"177":{"start":{"line":391,"column":0},"end":{"line":396,"column":1}},"178":{"start":{"line":392,"column":2},"end":{"line":395,"column":5}},"179":{"start":{"line":393,"column":4},"end":{"line":393,"column":47}},"180":{"start":{"line":394,"column":4},"end":{"line":394,"column":20}}},"fnMap":{"0":{"name":"logTest","decl":{"start":{"line":30,"column":9},"end":{"line":30,"column":16}},"loc":{"start":{"line":30,"column":49},"end":{"line":38,"column":1}},"line":30},"1":{"name":"addError","decl":{"start":{"line":40,"column":9},"end":{"line":40,"column":17}},"loc":{"start":{"line":40,"column":35},"end":{"line":47,"column":1}},"line":40},"2":{"name":"testSpellCheckAgent","decl":{"start":{"line":50,"column":15},"end":{"line":50,"column":34}},"loc":{"start":{"line":50,"column":37},"end":{"line":84,"column":1}},"line":50},"3":{"name":"testContrastAgent","decl":{"start":{"line":87,"column":15},"end":{"line":87,"column":32}},"loc":{"start":{"line":87,"column":35},"end":{"line":123,"column":1}},"line":87},"4":{"name":"testReadabilityAgent","decl":{"start":{"line":126,"column":15},"end":{"line":126,"column":35}},"loc":{"start":{"line":126,"column":38},"end":{"line":170,"column":1}},"line":126},"5":{"name":"testMockupAgent","decl":{"start":{"line":173,"column":15},"end":{"line":173,"column":30}},"loc":{"start":{"line":173,"column":33},"end":{"line":216,"column":1}},"line":173},"6":{"name":"testSharedModules","decl":{"start":{"line":219,"column":15},"end":{"line":219,"column":32}},"loc":{"start":{"line":219,"column":35},"end":{"line":267,"column":1}},"line":219},"7":{"name":"(anonymous_7)","decl":{"start":{"line":232,"column":25},"end":{"line":232,"column":26}},"loc":{"start":{"line":232,"column":42},"end":{"line":235,"column":5}},"line":232},"8":{"name":"testIntegration","decl":{"start":{"line":270,"column":15},"end":{"line":270,"column":30}},"loc":{"start":{"line":270,"column":33},"end":{"line":319,"column":1}},"line":270},"9":{"name":"(anonymous_9)","decl":{"start":{"line":299,"column":13},"end":{"line":299,"column":14}},"loc":{"start":{"line":299,"column":23},"end":{"line":299,"column":62}},"line":299},"10":{"name":"runSmokeTests","decl":{"start":{"line":322,"column":15},"end":{"line":322,"column":28}},"loc":{"start":{"line":322,"column":31},"end":{"line":377,"column":1}},"line":322},"11":{"name":"(anonymous_11)","decl":{"start":{"line":329,"column":29},"end":{"line":329,"column":30}},"loc":{"start":{"line":329,"column":35},"end":{"line":332,"column":3}},"line":329},"12":{"name":"(anonymous_12)","decl":{"start":{"line":358,"column":33},"end":{"line":358,"column":34}},"loc":{"start":{"line":358,"column":51},"end":{"line":360,"column":7}},"line":358},"13":{"name":"(anonymous_13)","decl":{"start":{"line":392,"column":24},"end":{"line":392,"column":25}},"loc":{"start":{"line":392,"column":33},"end":{"line":395,"column":3}},"line":392}},"branchMap":{"0":{"loc":{"start":{"line":30,"column":35},"end":{"line":30,"column":47}},"type":"default-arg","locations":[{"start":{"line":30,"column":45},"end":{"line":30,"column":47}}],"line":30},"1":{"loc":{"start":{"line":32,"column":21},"end":{"line":32,"column":77}},"type":"cond-expr","locations":[{"start":{"line":32,"column":41},"end":{"line":32,"column":44}},{"start":{"line":32,"column":47},"end":{"line":32,"column":77}}],"line":32},"2":{"loc":{"start":{"line":32,"column":47},"end":{"line":32,"column":77}},"type":"cond-expr","locations":[{"start":{"line":32,"column":67},"end":{"line":32,"column":70}},{"start":{"line":32,"column":73},"end":{"line":32,"column":77}}],"line":32},"3":{"loc":{"start":{"line":35,"column":2},"end":{"line":37,"column":29}},"type":"if","locations":[{"start":{"line":35,"column":2},"end":{"line":37,"column":29}},{"start":{"line":36,"column":7},"end":{"line":37,"column":29}}],"line":35},"4":{"loc":{"start":{"line":36,"column":7},"end":{"line":37,"column":29}},"type":"if","locations":[{"start":{"line":36,"column":7},"end":{"line":37,"column":29}},{"start":{"line":37,"column":7},"end":{"line":37,"column":29}}],"line":36},"5":{"loc":{"start":{"line":58,"column":4},"end":{"line":62,"column":5}},"type":"if","locations":[{"start":{"line":58,"column":4},"end":{"line":62,"column":5}},{"start":{"line":60,"column":11},"end":{"line":62,"column":5}}],"line":58},"6":{"loc":{"start":{"line":61,"column":47},"end":{"line":61,"column":78}},"type":"binary-expr","locations":[{"start":{"line":61,"column":47},"end":{"line":61,"column":59}},{"start":{"line":61,"column":63},"end":{"line":61,"column":78}}],"line":61},"7":{"loc":{"start":{"line":66,"column":4},"end":{"line":70,"column":5}},"type":"if","locations":[{"start":{"line":66,"column":4},"end":{"line":70,"column":5}},{"start":{"line":68,"column":11},"end":{"line":70,"column":5}}],"line":66},"8":{"loc":{"start":{"line":66,"column":8},"end":{"line":66,"column":51}},"type":"binary-expr","locations":[{"start":{"line":66,"column":8},"end":{"line":66,"column":14}},{"start":{"line":66,"column":18},"end":{"line":66,"column":51}}],"line":66},"9":{"loc":{"start":{"line":95,"column":4},"end":{"line":99,"column":5}},"type":"if","locations":[{"start":{"line":95,"column":4},"end":{"line":99,"column":5}},{"start":{"line":97,"column":11},"end":{"line":99,"column":5}}],"line":95},"10":{"loc":{"start":{"line":98,"column":47},"end":{"line":98,"column":78}},"type":"binary-expr","locations":[{"start":{"line":98,"column":47},"end":{"line":98,"column":59}},{"start":{"line":98,"column":63},"end":{"line":98,"column":78}}],"line":98},"11":{"loc":{"start":{"line":103,"column":4},"end":{"line":108,"column":5}},"type":"if","locations":[{"start":{"line":103,"column":4},"end":{"line":108,"column":5}},{"start":{"line":106,"column":11},"end":{"line":108,"column":5}}],"line":103},"12":{"loc":{"start":{"line":103,"column":8},"end":{"line":103,"column":57}},"type":"binary-expr","locations":[{"start":{"line":103,"column":8},"end":{"line":103,"column":14}},{"start":{"line":103,"column":18},"end":{"line":103,"column":57}}],"line":103},"13":{"loc":{"start":{"line":113,"column":4},"end":{"line":117,"column":5}},"type":"if","locations":[{"start":{"line":113,"column":4},"end":{"line":117,"column":5}},{"start":{"line":115,"column":11},"end":{"line":117,"column":5}}],"line":113},"14":{"loc":{"start":{"line":113,"column":8},"end":{"line":113,"column":40}},"type":"binary-expr","locations":[{"start":{"line":113,"column":8},"end":{"line":113,"column":22}},{"start":{"line":113,"column":26},"end":{"line":113,"column":40}}],"line":113},"15":{"loc":{"start":{"line":134,"column":4},"end":{"line":138,"column":5}},"type":"if","locations":[{"start":{"line":134,"column":4},"end":{"line":138,"column":5}},{"start":{"line":136,"column":11},"end":{"line":138,"column":5}}],"line":134},"16":{"loc":{"start":{"line":137,"column":47},"end":{"line":137,"column":78}},"type":"binary-expr","locations":[{"start":{"line":137,"column":47},"end":{"line":137,"column":59}},{"start":{"line":137,"column":63},"end":{"line":137,"column":78}}],"line":137},"17":{"loc":{"start":{"line":142,"column":4},"end":{"line":147,"column":5}},"type":"if","locations":[{"start":{"line":142,"column":4},"end":{"line":147,"column":5}},{"start":{"line":145,"column":11},"end":{"line":147,"column":5}}],"line":142},"18":{"loc":{"start":{"line":142,"column":8},"end":{"line":142,"column":58}},"type":"binary-expr","locations":[{"start":{"line":142,"column":8},"end":{"line":142,"column":14}},{"start":{"line":142,"column":18},"end":{"line":142,"column":58}}],"line":142},"19":{"loc":{"start":{"line":151,"column":4},"end":{"line":155,"column":5}},"type":"if","locations":[{"start":{"line":151,"column":4},"end":{"line":155,"column":5}},{"start":{"line":153,"column":11},"end":{"line":155,"column":5}}],"line":151},"20":{"loc":{"start":{"line":160,"column":4},"end":{"line":164,"column":5}},"type":"if","locations":[{"start":{"line":160,"column":4},"end":{"line":164,"column":5}},{"start":{"line":162,"column":11},"end":{"line":164,"column":5}}],"line":160},"21":{"loc":{"start":{"line":181,"column":4},"end":{"line":185,"column":5}},"type":"if","locations":[{"start":{"line":181,"column":4},"end":{"line":185,"column":5}},{"start":{"line":183,"column":11},"end":{"line":185,"column":5}}],"line":181},"22":{"loc":{"start":{"line":184,"column":47},"end":{"line":184,"column":78}},"type":"binary-expr","locations":[{"start":{"line":184,"column":47},"end":{"line":184,"column":59}},{"start":{"line":184,"column":63},"end":{"line":184,"column":78}}],"line":184},"23":{"loc":{"start":{"line":189,"column":4},"end":{"line":193,"column":5}},"type":"if","locations":[{"start":{"line":189,"column":4},"end":{"line":193,"column":5}},{"start":{"line":191,"column":11},"end":{"line":193,"column":5}}],"line":189},"24":{"loc":{"start":{"line":189,"column":8},"end":{"line":189,"column":74}},"type":"binary-expr","locations":[{"start":{"line":189,"column":8},"end":{"line":189,"column":17}},{"start":{"line":189,"column":21},"end":{"line":189,"column":40}},{"start":{"line":189,"column":44},"end":{"line":189,"column":74}}],"line":189},"25":{"loc":{"start":{"line":197,"column":4},"end":{"line":202,"column":5}},"type":"if","locations":[{"start":{"line":197,"column":4},"end":{"line":202,"column":5}},{"start":{"line":200,"column":11},"end":{"line":202,"column":5}}],"line":197},"26":{"loc":{"start":{"line":197,"column":8},"end":{"line":197,"column":56}},"type":"binary-expr","locations":[{"start":{"line":197,"column":8},"end":{"line":197,"column":14}},{"start":{"line":197,"column":18},"end":{"line":197,"column":56}}],"line":197},"27":{"loc":{"start":{"line":206,"column":4},"end":{"line":210,"column":5}},"type":"if","locations":[{"start":{"line":206,"column":4},"end":{"line":210,"column":5}},{"start":{"line":208,"column":11},"end":{"line":210,"column":5}}],"line":206},"28":{"loc":{"start":{"line":206,"column":8},"end":{"line":206,"column":68}},"type":"binary-expr","locations":[{"start":{"line":206,"column":8},"end":{"line":206,"column":20}},{"start":{"line":206,"column":24},"end":{"line":206,"column":68}}],"line":206},"29":{"loc":{"start":{"line":225,"column":4},"end":{"line":229,"column":5}},"type":"if","locations":[{"start":{"line":225,"column":4},"end":{"line":229,"column":5}},{"start":{"line":227,"column":11},"end":{"line":229,"column":5}}],"line":225},"30":{"loc":{"start":{"line":225,"column":8},"end":{"line":225,"column":67}},"type":"binary-expr","locations":[{"start":{"line":225,"column":8},"end":{"line":225,"column":20}},{"start":{"line":225,"column":24},"end":{"line":225,"column":67}}],"line":225},"31":{"loc":{"start":{"line":233,"column":6},"end":{"line":233,"column":59}},"type":"if","locations":[{"start":{"line":233,"column":6},"end":{"line":233,"column":59}},{"start":{},"end":{}}],"line":233},"32":{"loc":{"start":{"line":241,"column":4},"end":{"line":245,"column":5}},"type":"if","locations":[{"start":{"line":241,"column":4},"end":{"line":245,"column":5}},{"start":{"line":243,"column":11},"end":{"line":245,"column":5}}],"line":241},"33":{"loc":{"start":{"line":257,"column":4},"end":{"line":261,"column":5}},"type":"if","locations":[{"start":{"line":257,"column":4},"end":{"line":261,"column":5}},{"start":{"line":259,"column":11},"end":{"line":261,"column":5}}],"line":257},"34":{"loc":{"start":{"line":257,"column":8},"end":{"line":257,"column":58}},"type":"binary-expr","locations":[{"start":{"line":257,"column":8},"end":{"line":257,"column":18}},{"start":{"line":257,"column":22},"end":{"line":257,"column":58}}],"line":257},"35":{"loc":{"start":{"line":299,"column":23},"end":{"line":299,"column":62}},"type":"binary-expr","locations":[{"start":{"line":299,"column":23},"end":{"line":299,"column":29}},{"start":{"line":299,"column":33},"end":{"line":299,"column":45}},{"start":{"line":299,"column":49},"end":{"line":299,"column":62}}],"line":299},"36":{"loc":{"start":{"line":301,"column":4},"end":{"line":305,"column":5}},"type":"if","locations":[{"start":{"line":301,"column":4},"end":{"line":305,"column":5}},{"start":{"line":303,"column":11},"end":{"line":305,"column":5}}],"line":301},"37":{"loc":{"start":{"line":309,"column":4},"end":{"line":313,"column":5}},"type":"if","locations":[{"start":{"line":309,"column":4},"end":{"line":313,"column":5}},{"start":{"line":311,"column":11},"end":{"line":313,"column":5}}],"line":309},"38":{"loc":{"start":{"line":356,"column":4},"end":{"line":361,"column":5}},"type":"if","locations":[{"start":{"line":356,"column":4},"end":{"line":361,"column":5}},{"start":{},"end":{}}],"line":356},"39":{"loc":{"start":{"line":364,"column":4},"end":{"line":370,"column":5}},"type":"if","locations":[{"start":{"line":364,"column":4},"end":{"line":370,"column":5}},{"start":{"line":367,"column":11},"end":{"line":370,"column":5}}],"line":364},"40":{"loc":{"start":{"line":391,"column":0},"end":{"line":396,"column":1}},"type":"if","locations":[{"start":{"line":391,"column":0},"end":{"line":396,"column":1}},{"start":{},"end":{}}],"line":391}},"s":{"0":0,"1":0,"2":0,"3":0,"4":0,"5":0,"6":0,"7":0,"8":0,"9":0,"10":0,"11":0,"12":0,"13":0,"14":0,"15":0,"16":0,"17":0,"18":0,"19":0,"20":0,"21":0,"22":0,"23":0,"24":0,"25":0,"26":0,"27":0,"28":0,"29":0,"30":0,"31":0,"32":0,"33":0,"34":0,"35":0,"36":0,"37":0,"38":0,"39":0,"40":0,"41":0,"42":0,"43":0,"44":0,"45":0,"46":0,"47":0,"48":0,"49":0,"50":0,"51":0,"52":0,"53":0,"54":0,"55":0,"56":0,"57":0,"58":0,"59":0,"60":0,"61":0,"62":0,"63":0,"64":0,"65":0,"66":0,"67":0,"68":0,"69":0,"70":0,"71":0,"72":0,"73":0,"74":0,"75":0,"76":0,"77":0,"78":0,"79":0,"80":0,"81":0,"82":0,"83":0,"84":0,"85":0,"86":0,"87":0,"88":0,"89":0,"90":0,"91":0,"92":0,"93":0,"94":0,"95":0,"96":0,"97":0,"98":0,"99":0,"100":0,"101":0,"102":0,"103":0,"104":0,"105":0,"106":0,"107":0,"108":0,"109":0,"110":0,"111":0,"112":0,"113":0,"114":0,"115":0,"116":0,"117":0,"118":0,"119":0,"120":0,"121":0,"122":0,"123":0,"124":0,"125":0,"126":0,"127":0,"128":0,"129":0,"130":0,"131":0,"132":0,"133":0,"134":0,"135":0,"136":0,"137":0,"138":0,"139":0,"140":0,"141":0,"142":0,"143":0,"144":0,"145":0,"146":0,"147":0,"148":0,"149":0,"150":0,"151":0,"152":0,"153":0,"154":0,"155":0,"156":0,"157":0,"158":0,"159":0,"160":0,"161":0,"162":0,"163":0,"164":0,"165":0,"166":0,"167":0,"168":0,"169":0,"170":0,"171":0,"172":0,"173":0,"174":0,"175":0,"176":0,"177":0,"178":0,"179":0,"180":0},"f":{"0":0,"1":0,"2":0,"3":0,"4":0,"5":0,"6":0,"7":0,"8":0,"9":0,"10":0,"11":0,"12":0,"13":0},"b":{"0":[0],"1":[0,0],"2":[0,0],"3":[0,0],"4":[0,0],"5":[0,0],"6":[0,0],"7":[0,0],"8":[0,0],"9":[0,0],"10":[0,0],"11":[0,0],"12":[0,0],"13":[0,0],"14":[0,0],"15":[0,0],"16":[0,0],"17":[0,0],"18":[0,0],"19":[0,0],"20":[0,0],"21":[0,0],"22":[0,0],"23":[0,0],"24":[0,0,0],"25":[0,0],"26":[0,0],"27":[0,0],"28":[0,0],"29":[0,0],"30":[0,0],"31":[0,0],"32":[0,0],"33":[0,0],"34":[0,0],"35":[0,0,0],"36":[0,0],"37":[0,0],"38":[0,0],"39":[0,0],"40":[0,0]}}
,"/mnt/c/Users/marci/OneDrive/Pulpit/n8n/tests/integration/cost-alerts-integration.test.js": {"path":"/mnt/c/Users/marci/OneDrive/Pulpit/n8n/tests/integration/cost-alerts-integration.test.js","statementMap":{"0":{"start":{"line":6,"column":11},"end":{"line":6,"column":38}},"1":{"start":{"line":7,"column":18},"end":{"line":7,"column":42}},"2":{"start":{"line":8,"column":13},"end":{"line":8,"column":28}},"3":{"start":{"line":9,"column":11},"end":{"line":9,"column":33}},"4":{"start":{"line":11,"column":0},"end":{"line":316,"column":3}},"5":{"start":{"line":14,"column":19},"end":{"line":14,"column":23}},"6":{"start":{"line":15,"column":18},"end":{"line":15,"column":48}},"7":{"start":{"line":17,"column":2},"end":{"line":29,"column":5}},"8":{"start":{"line":19,"column":23},"end":{"line":19,"column":66}},"9":{"start":{"line":20,"column":4},"end":{"line":23,"column":7}},"10":{"start":{"line":26,"column":4},"end":{"line":28,"column":7}},"11":{"start":{"line":27,"column":6},"end":{"line":27,"column":32}},"12":{"start":{"line":31,"column":2},"end":{"line":38,"column":5}},"13":{"start":{"line":32,"column":4},"end":{"line":34,"column":5}},"14":{"start":{"line":33,"column":6},"end":{"line":33,"column":27}},"15":{"start":{"line":35,"column":4},"end":{"line":37,"column":5}},"16":{"start":{"line":36,"column":6},"end":{"line":36,"column":27}},"17":{"start":{"line":40,"column":2},"end":{"line":42,"column":5}},"18":{"start":{"line":41,"column":4},"end":{"line":41,"column":31}},"19":{"start":{"line":44,"column":2},"end":{"line":48,"column":5}},"20":{"start":{"line":45,"column":4},"end":{"line":47,"column":5}},"21":{"start":{"line":46,"column":6},"end":{"line":46,"column":27}},"22":{"start":{"line":50,"column":2},"end":{"line":115,"column":5}},"23":{"start":{"line":51,"column":4},"end":{"line":61,"column":7}},"24":{"start":{"line":52,"column":23},"end":{"line":52,"column":64}},"25":{"start":{"line":53,"column":19},"end":{"line":53,"column":40}},"26":{"start":{"line":55,"column":6},"end":{"line":55,"column":40}},"27":{"start":{"line":56,"column":6},"end":{"line":56,"column":44}},"28":{"start":{"line":57,"column":6},"end":{"line":57,"column":48}},"29":{"start":{"line":58,"column":6},"end":{"line":58,"column":48}},"30":{"start":{"line":59,"column":6},"end":{"line":59,"column":47}},"31":{"start":{"line":60,"column":6},"end":{"line":60,"column":52}},"32":{"start":{"line":63,"column":4},"end":{"line":71,"column":7}},"33":{"start":{"line":64,"column":23},"end":{"line":64,"column":71}},"34":{"start":{"line":65,"column":19},"end":{"line":65,"column":40}},"35":{"start":{"line":67,"column":6},"end":{"line":67,"column":40}},"36":{"start":{"line":68,"column":6},"end":{"line":68,"column":48}},"37":{"start":{"line":69,"column":6},"end":{"line":69,"column":48}},"38":{"start":{"line":70,"column":6},"end":{"line":70,"column":49}},"39":{"start":{"line":73,"column":4},"end":{"line":90,"column":7}},"40":{"start":{"line":74,"column":24},"end":{"line":77,"column":7}},"41":{"start":{"line":79,"column":23},"end":{"line":83,"column":8}},"42":{"start":{"line":85,"column":19},"end":{"line":85,"column":40}},"43":{"start":{"line":87,"column":6},"end":{"line":87,"column":40}},"44":{"start":{"line":88,"column":6},"end":{"line":88,"column":38}},"45":{"start":{"line":89,"column":6},"end":{"line":89,"column":47}},"46":{"start":{"line":92,"column":4},"end":{"line":102,"column":7}},"47":{"start":{"line":93,"column":23},"end":{"line":95,"column":8}},"48":{"start":{"line":97,"column":19},"end":{"line":97,"column":40}},"49":{"start":{"line":99,"column":6},"end":{"line":99,"column":40}},"50":{"start":{"line":100,"column":6},"end":{"line":100,"column":38}},"51":{"start":{"line":101,"column":6},"end":{"line":101,"column":48}},"52":{"start":{"line":104,"column":4},"end":{"line":114,"column":7}},"53":{"start":{"line":105,"column":23},"end":{"line":107,"column":8}},"54":{"start":{"line":109,"column":19},"end":{"line":109,"column":40}},"55":{"start":{"line":111,"column":6},"end":{"line":111,"column":40}},"56":{"start":{"line":112,"column":6},"end":{"line":112,"column":45}},"57":{"start":{"line":113,"column":6},"end":{"line":113,"column":45}},"58":{"start":{"line":117,"column":2},"end":{"line":182,"column":5}},"59":{"start":{"line":118,"column":4},"end":{"line":127,"column":7}},"60":{"start":{"line":119,"column":6},"end":{"line":122,"column":9}},"61":{"start":{"line":120,"column":8},"end":{"line":120,"column":50}},"62":{"start":{"line":121,"column":8},"end":{"line":121,"column":15}},"63":{"start":{"line":124,"column":6},"end":{"line":126,"column":9}},"64":{"start":{"line":125,"column":8},"end":{"line":125,"column":20}},"65":{"start":{"line":129,"column":4},"end":{"line":145,"column":7}},"66":{"start":{"line":130,"column":6},"end":{"line":139,"column":9}},"67":{"start":{"line":131,"column":8},"end":{"line":131,"column":46}},"68":{"start":{"line":132,"column":8},"end":{"line":132,"column":46}},"69":{"start":{"line":133,"column":8},"end":{"line":133,"column":45}},"70":{"start":{"line":134,"column":8},"end":{"line":134,"column":46}},"71":{"start":{"line":135,"column":8},"end":{"line":135,"column":50}},"72":{"start":{"line":136,"column":8},"end":{"line":136,"column":49}},"73":{"start":{"line":138,"column":8},"end":{"line":138,"column":15}},"74":{"start":{"line":142,"column":6},"end":{"line":144,"column":15}},"75":{"start":{"line":143,"column":8},"end":{"line":143,"column":66}},"76":{"start":{"line":147,"column":4},"end":{"line":161,"column":7}},"77":{"start":{"line":148,"column":6},"end":{"line":155,"column":9}},"78":{"start":{"line":149,"column":8},"end":{"line":149,"column":46}},"79":{"start":{"line":150,"column":8},"end":{"line":150,"column":49}},"80":{"start":{"line":151,"column":8},"end":{"line":151,"column":50}},"81":{"start":{"line":152,"column":8},"end":{"line":152,"column":54}},"82":{"start":{"line":154,"column":8},"end":{"line":154,"column":15}},"83":{"start":{"line":158,"column":6},"end":{"line":160,"column":15}},"84":{"start":{"line":159,"column":8},"end":{"line":159,"column":36}},"85":{"start":{"line":163,"column":4},"end":{"line":181,"column":7}},"86":{"start":{"line":164,"column":27},"end":{"line":164,"column":38}},"87":{"start":{"line":165,"column":26},"end":{"line":165,"column":27}},"88":{"start":{"line":167,"column":27},"end":{"line":173,"column":7}},"89":{"start":{"line":168,"column":8},"end":{"line":168,"column":24}},"90":{"start":{"line":169,"column":8},"end":{"line":172,"column":9}},"91":{"start":{"line":170,"column":10},"end":{"line":170,"column":31}},"92":{"start":{"line":171,"column":10},"end":{"line":171,"column":17}},"93":{"start":{"line":175,"column":6},"end":{"line":175,"column":54}},"94":{"start":{"line":176,"column":6},"end":{"line":176,"column":54}},"95":{"start":{"line":178,"column":6},"end":{"line":180,"column":15}},"96":{"start":{"line":179,"column":8},"end":{"line":179,"column":66}},"97":{"start":{"line":184,"column":2},"end":{"line":196,"column":5}},"98":{"start":{"line":185,"column":4},"end":{"line":195,"column":7}},"99":{"start":{"line":186,"column":6},"end":{"line":189,"column":9}},"100":{"start":{"line":187,"column":8},"end":{"line":187,"column":42}},"101":{"start":{"line":188,"column":8},"end":{"line":188,"column":15}},"102":{"start":{"line":192,"column":6},"end":{"line":194,"column":15}},"103":{"start":{"line":193,"column":8},"end":{"line":193,"column":39}},"104":{"start":{"line":198,"column":2},"end":{"line":218,"column":5}},"105":{"start":{"line":199,"column":4},"end":{"line":207,"column":7}},"106":{"start":{"line":200,"column":23},"end":{"line":200,"column":69}},"107":{"start":{"line":202,"column":6},"end":{"line":202,"column":40}},"108":{"start":{"line":204,"column":19},"end":{"line":204,"column":40}},"109":{"start":{"line":205,"column":6},"end":{"line":205,"column":52}},"110":{"start":{"line":206,"column":6},"end":{"line":206,"column":72}},"111":{"start":{"line":209,"column":4},"end":{"line":217,"column":7}},"112":{"start":{"line":210,"column":23},"end":{"line":214,"column":8}},"113":{"start":{"line":216,"column":6},"end":{"line":216,"column":40}},"114":{"start":{"line":220,"column":2},"end":{"line":256,"column":5}},"115":{"start":{"line":221,"column":4},"end":{"line":233,"column":7}},"116":{"start":{"line":222,"column":23},"end":{"line":222,"column":25}},"117":{"start":{"line":224,"column":6},"end":{"line":226,"column":7}},"118":{"start":{"line":224,"column":19},"end":{"line":224,"column":20}},"119":{"start":{"line":225,"column":8},"end":{"line":225,"column":59}},"120":{"start":{"line":228,"column":24},"end":{"line":228,"column":51}},"121":{"start":{"line":230,"column":6},"end":{"line":232,"column":9}},"122":{"start":{"line":231,"column":8},"end":{"line":231,"column":42}},"123":{"start":{"line":235,"column":4},"end":{"line":255,"column":7}},"124":{"start":{"line":236,"column":24},"end":{"line":236,"column":25}},"125":{"start":{"line":237,"column":24},"end":{"line":237,"column":34}},"126":{"start":{"line":239,"column":6},"end":{"line":247,"column":9}},"127":{"start":{"line":240,"column":8},"end":{"line":240,"column":22}},"128":{"start":{"line":242,"column":8},"end":{"line":246,"column":9}},"129":{"start":{"line":243,"column":26},"end":{"line":243,"column":48}},"130":{"start":{"line":244,"column":10},"end":{"line":244,"column":46}},"131":{"start":{"line":245,"column":10},"end":{"line":245,"column":17}},"132":{"start":{"line":250,"column":6},"end":{"line":254,"column":7}},"133":{"start":{"line":250,"column":19},"end":{"line":250,"column":20}},"134":{"start":{"line":251,"column":8},"end":{"line":253,"column":20}},"135":{"start":{"line":252,"column":10},"end":{"line":252,"column":68}},"136":{"start":{"line":260,"column":4},"end":{"line":282,"column":5}},"137":{"start":{"line":262,"column":27},"end":{"line":272,"column":7}},"138":{"start":{"line":274,"column":23},"end":{"line":274,"column":71}},"139":{"start":{"line":275,"column":6},"end":{"line":275,"column":74}},"140":{"start":{"line":278,"column":6},"end":{"line":278,"column":61}},"141":{"start":{"line":278,"column":35},"end":{"line":278,"column":59}},"142":{"start":{"line":281,"column":6},"end":{"line":281,"column":70}},"143":{"start":{"line":286,"column":4},"end":{"line":314,"column":5}},"144":{"start":{"line":287,"column":23},"end":{"line":287,"column":71}},"145":{"start":{"line":288,"column":24},"end":{"line":288,"column":48}},"146":{"start":{"line":291,"column":23},"end":{"line":299,"column":7}},"147":{"start":{"line":301,"column":25},"end":{"line":301,"column":27}},"148":{"start":{"line":302,"column":6},"end":{"line":307,"column":7}},"149":{"start":{"line":303,"column":21},"end":{"line":303,"column":56}},"150":{"start":{"line":304,"column":8},"end":{"line":304,"column":40}},"151":{"start":{"line":309,"column":6},"end":{"line":309,"column":34}},"152":{"start":{"line":310,"column":6},"end":{"line":310,"column":74}},"153":{"start":{"line":313,"column":6},"end":{"line":313,"column":74}},"154":{"start":{"line":319,"column":0},"end":{"line":337,"column":3}},"155":{"start":{"line":320,"column":2},"end":{"line":324,"column":5}},"156":{"start":{"line":323,"column":4},"end":{"line":323,"column":28}},"157":{"start":{"line":326,"column":2},"end":{"line":330,"column":5}},"158":{"start":{"line":329,"column":4},"end":{"line":329,"column":28}},"159":{"start":{"line":332,"column":2},"end":{"line":336,"column":5}},"160":{"start":{"line":335,"column":4},"end":{"line":335,"column":28}}},"fnMap":{"0":{"name":"(anonymous_0)","decl":{"start":{"line":11,"column":36},"end":{"line":11,"column":37}},"loc":{"start":{"line":11,"column":42},"end":{"line":316,"column":1}},"line":11},"1":{"name":"(anonymous_1)","decl":{"start":{"line":17,"column":12},"end":{"line":17,"column":13}},"loc":{"start":{"line":17,"column":24},"end":{"line":29,"column":3}},"line":17},"2":{"name":"(anonymous_2)","decl":{"start":{"line":26,"column":22},"end":{"line":26,"column":23}},"loc":{"start":{"line":26,"column":35},"end":{"line":28,"column":5}},"line":26},"3":{"name":"(anonymous_3)","decl":{"start":{"line":31,"column":11},"end":{"line":31,"column":12}},"loc":{"start":{"line":31,"column":23},"end":{"line":38,"column":3}},"line":31},"4":{"name":"(anonymous_4)","decl":{"start":{"line":40,"column":13},"end":{"line":40,"column":14}},"loc":{"start":{"line":40,"column":19},"end":{"line":42,"column":3}},"line":40},"5":{"name":"(anonymous_5)","decl":{"start":{"line":44,"column":12},"end":{"line":44,"column":13}},"loc":{"start":{"line":44,"column":18},"end":{"line":48,"column":3}},"line":44},"6":{"name":"(anonymous_6)","decl":{"start":{"line":50,"column":28},"end":{"line":50,"column":29}},"loc":{"start":{"line":50,"column":34},"end":{"line":115,"column":3}},"line":50},"7":{"name":"(anonymous_7)","decl":{"start":{"line":51,"column":50},"end":{"line":51,"column":51}},"loc":{"start":{"line":51,"column":62},"end":{"line":61,"column":5}},"line":51},"8":{"name":"(anonymous_8)","decl":{"start":{"line":63,"column":50},"end":{"line":63,"column":51}},"loc":{"start":{"line":63,"column":62},"end":{"line":71,"column":5}},"line":63},"9":{"name":"(anonymous_9)","decl":{"start":{"line":73,"column":51},"end":{"line":73,"column":52}},"loc":{"start":{"line":73,"column":63},"end":{"line":90,"column":5}},"line":73},"10":{"name":"(anonymous_10)","decl":{"start":{"line":92,"column":46},"end":{"line":92,"column":47}},"loc":{"start":{"line":92,"column":58},"end":{"line":102,"column":5}},"line":92},"11":{"name":"(anonymous_11)","decl":{"start":{"line":104,"column":53},"end":{"line":104,"column":54}},"loc":{"start":{"line":104,"column":65},"end":{"line":114,"column":5}},"line":104},"12":{"name":"(anonymous_12)","decl":{"start":{"line":117,"column":36},"end":{"line":117,"column":37}},"loc":{"start":{"line":117,"column":42},"end":{"line":182,"column":3}},"line":117},"13":{"name":"(anonymous_13)","decl":{"start":{"line":118,"column":47},"end":{"line":118,"column":48}},"loc":{"start":{"line":118,"column":57},"end":{"line":127,"column":5}},"line":118},"14":{"name":"(anonymous_14)","decl":{"start":{"line":119,"column":33},"end":{"line":119,"column":34}},"loc":{"start":{"line":119,"column":39},"end":{"line":122,"column":7}},"line":119},"15":{"name":"(anonymous_15)","decl":{"start":{"line":124,"column":39},"end":{"line":124,"column":40}},"loc":{"start":{"line":124,"column":50},"end":{"line":126,"column":7}},"line":124},"16":{"name":"(anonymous_16)","decl":{"start":{"line":129,"column":65},"end":{"line":129,"column":66}},"loc":{"start":{"line":129,"column":75},"end":{"line":145,"column":5}},"line":129},"17":{"name":"(anonymous_17)","decl":{"start":{"line":130,"column":40},"end":{"line":130,"column":41}},"loc":{"start":{"line":130,"column":50},"end":{"line":139,"column":7}},"line":130},"18":{"name":"(anonymous_18)","decl":{"start":{"line":142,"column":17},"end":{"line":142,"column":18}},"loc":{"start":{"line":142,"column":29},"end":{"line":144,"column":7}},"line":142},"19":{"name":"(anonymous_19)","decl":{"start":{"line":147,"column":46},"end":{"line":147,"column":47}},"loc":{"start":{"line":147,"column":56},"end":{"line":161,"column":5}},"line":147},"20":{"name":"(anonymous_20)","decl":{"start":{"line":148,"column":44},"end":{"line":148,"column":45}},"loc":{"start":{"line":148,"column":54},"end":{"line":155,"column":7}},"line":148},"21":{"name":"(anonymous_21)","decl":{"start":{"line":158,"column":17},"end":{"line":158,"column":18}},"loc":{"start":{"line":158,"column":29},"end":{"line":160,"column":7}},"line":158},"22":{"name":"(anonymous_22)","decl":{"start":{"line":163,"column":57},"end":{"line":163,"column":58}},"loc":{"start":{"line":163,"column":67},"end":{"line":181,"column":5}},"line":163},"23":{"name":"(anonymous_23)","decl":{"start":{"line":167,"column":27},"end":{"line":167,"column":28}},"loc":{"start":{"line":167,"column":33},"end":{"line":173,"column":7}},"line":167},"24":{"name":"(anonymous_24)","decl":{"start":{"line":178,"column":17},"end":{"line":178,"column":18}},"loc":{"start":{"line":178,"column":29},"end":{"line":180,"column":7}},"line":178},"25":{"name":"(anonymous_25)","decl":{"start":{"line":184,"column":39},"end":{"line":184,"column":40}},"loc":{"start":{"line":184,"column":45},"end":{"line":196,"column":3}},"line":184},"26":{"name":"(anonymous_26)","decl":{"start":{"line":185,"column":71},"end":{"line":185,"column":72}},"loc":{"start":{"line":185,"column":81},"end":{"line":195,"column":5}},"line":185},"27":{"name":"(anonymous_27)","decl":{"start":{"line":186,"column":44},"end":{"line":186,"column":45}},"loc":{"start":{"line":186,"column":54},"end":{"line":189,"column":7}},"line":186},"28":{"name":"(anonymous_28)","decl":{"start":{"line":192,"column":17},"end":{"line":192,"column":18}},"loc":{"start":{"line":192,"column":29},"end":{"line":194,"column":7}},"line":192},"29":{"name":"(anonymous_29)","decl":{"start":{"line":198,"column":29},"end":{"line":198,"column":30}},"loc":{"start":{"line":198,"column":35},"end":{"line":218,"column":3}},"line":198},"30":{"name":"(anonymous_30)","decl":{"start":{"line":199,"column":58},"end":{"line":199,"column":59}},"loc":{"start":{"line":199,"column":70},"end":{"line":207,"column":5}},"line":199},"31":{"name":"(anonymous_31)","decl":{"start":{"line":209,"column":46},"end":{"line":209,"column":47}},"loc":{"start":{"line":209,"column":58},"end":{"line":217,"column":5}},"line":209},"32":{"name":"(anonymous_32)","decl":{"start":{"line":220,"column":32},"end":{"line":220,"column":33}},"loc":{"start":{"line":220,"column":38},"end":{"line":256,"column":3}},"line":220},"33":{"name":"(anonymous_33)","decl":{"start":{"line":221,"column":57},"end":{"line":221,"column":58}},"loc":{"start":{"line":221,"column":69},"end":{"line":233,"column":5}},"line":221},"34":{"name":"(anonymous_34)","decl":{"start":{"line":230,"column":24},"end":{"line":230,"column":25}},"loc":{"start":{"line":230,"column":36},"end":{"line":232,"column":7}},"line":230},"35":{"name":"(anonymous_35)","decl":{"start":{"line":235,"column":54},"end":{"line":235,"column":55}},"loc":{"start":{"line":235,"column":64},"end":{"line":255,"column":5}},"line":235},"36":{"name":"(anonymous_36)","decl":{"start":{"line":239,"column":40},"end":{"line":239,"column":41}},"loc":{"start":{"line":239,"column":46},"end":{"line":247,"column":7}},"line":239},"37":{"name":"(anonymous_37)","decl":{"start":{"line":251,"column":19},"end":{"line":251,"column":20}},"loc":{"start":{"line":251,"column":31},"end":{"line":253,"column":9}},"line":251},"38":{"name":"simulateCostOverrun","decl":{"start":{"line":259,"column":17},"end":{"line":259,"column":36}},"loc":{"start":{"line":259,"column":39},"end":{"line":283,"column":3}},"line":259},"39":{"name":"(anonymous_39)","decl":{"start":{"line":278,"column":24},"end":{"line":278,"column":25}},"loc":{"start":{"line":278,"column":35},"end":{"line":278,"column":59}},"line":278},"40":{"name":"simulateCostFileChange","decl":{"start":{"line":285,"column":17},"end":{"line":285,"column":39}},"loc":{"start":{"line":285,"column":42},"end":{"line":315,"column":3}},"line":285},"41":{"name":"(anonymous_41)","decl":{"start":{"line":319,"column":38},"end":{"line":319,"column":39}},"loc":{"start":{"line":319,"column":44},"end":{"line":337,"column":1}},"line":319},"42":{"name":"(anonymous_42)","decl":{"start":{"line":320,"column":70},"end":{"line":320,"column":71}},"loc":{"start":{"line":320,"column":82},"end":{"line":324,"column":3}},"line":320},"43":{"name":"(anonymous_43)","decl":{"start":{"line":326,"column":61},"end":{"line":326,"column":62}},"loc":{"start":{"line":326,"column":73},"end":{"line":330,"column":3}},"line":326},"44":{"name":"(anonymous_44)","decl":{"start":{"line":332,"column":57},"end":{"line":332,"column":58}},"loc":{"start":{"line":332,"column":69},"end":{"line":336,"column":3}},"line":332}},"branchMap":{"0":{"loc":{"start":{"line":32,"column":4},"end":{"line":34,"column":5}},"type":"if","locations":[{"start":{"line":32,"column":4},"end":{"line":34,"column":5}},{"start":{},"end":{}}],"line":32},"1":{"loc":{"start":{"line":35,"column":4},"end":{"line":37,"column":5}},"type":"if","locations":[{"start":{"line":35,"column":4},"end":{"line":37,"column":5}},{"start":{},"end":{}}],"line":35},"2":{"loc":{"start":{"line":45,"column":4},"end":{"line":47,"column":5}},"type":"if","locations":[{"start":{"line":45,"column":4},"end":{"line":47,"column":5}},{"start":{},"end":{}}],"line":45},"3":{"loc":{"start":{"line":169,"column":8},"end":{"line":172,"column":9}},"type":"if","locations":[{"start":{"line":169,"column":8},"end":{"line":172,"column":9}},{"start":{},"end":{}}],"line":169},"4":{"loc":{"start":{"line":242,"column":8},"end":{"line":246,"column":9}},"type":"if","locations":[{"start":{"line":242,"column":8},"end":{"line":246,"column":9}},{"start":{},"end":{}}],"line":242}},"s":{"0":0,"1":0,"2":0,"3":0,"4":0,"5":0,"6":0,"7":0,"8":0,"9":0,"10":0,"11":0,"12":0,"13":0,"14":0,"15":0,"16":0,"17":0,"18":0,"19":0,"20":0,"21":0,"22":0,"23":0,"24":0,"25":0,"26":0,"27":0,"28":0,"29":0,"30":0,"31":0,"32":0,"33":0,"34":0,"35":0,"36":0,"37":0,"38":0,"39":0,"40":0,"41":0,"42":0,"43":0,"44":0,"45":0,"46":0,"47":0,"48":0,"49":0,"50":0,"51":0,"52":0,"53":0,"54":0,"55":0,"56":0,"57":0,"58":0,"59":0,"60":0,"61":0,"62":0,"63":0,"64":0,"65":0,"66":0,"67":0,"68":0,"69":0,"70":0,"71":0,"72":0,"73":0,"74":0,"75":0,"76":0,"77":0,"78":0,"79":0,"80":0,"81":0,"82":0,"83":0,"84":0,"85":0,"86":0,"87":0,"88":0,"89":0,"90":0,"91":0,"92":0,"93":0,"94":0,"95":0,"96":0,"97":0,"98":0,"99":0,"100":0,"101":0,"102":0,"103":0,"104":0,"105":0,"106":0,"107":0,"108":0,"109":0,"110":0,"111":0,"112":0,"113":0,"114":0,"115":0,"116":0,"117":0,"118":0,"119":0,"120":0,"121":0,"122":0,"123":0,"124":0,"125":0,"126":0,"127":0,"128":0,"129":0,"130":0,"131":0,"132":0,"133":0,"134":0,"135":0,"136":0,"137":0,"138":0,"139":0,"140":0,"141":0,"142":0,"143":0,"144":0,"145":0,"146":0,"147":0,"148":0,"149":0,"150":0,"151":0,"152":0,"153":0,"154":0,"155":0,"156":0,"157":0,"158":0,"159":0,"160":0},"f":{"0":0,"1":0,"2":0,"3":0,"4":0,"5":0,"6":0,"7":0,"8":0,"9":0,"10":0,"11":0,"12":0,"13":0,"14":0,"15":0,"16":0,"17":0,"18":0,"19":0,"20":0,"21":0,"22":0,"23":0,"24":0,"25":0,"26":0,"27":0,"28":0,"29":0,"30":0,"31":0,"32":0,"33":0,"34":0,"35":0,"36":0,"37":0,"38":0,"39":0,"40":0,"41":0,"42":0,"43":0,"44":0},"b":{"0":[0,0],"1":[0,0],"2":[0,0],"3":[0,0],"4":[0,0]}}
,"/mnt/c/Users/marci/OneDrive/Pulpit/n8n/tests/integration/websocket-integration.test.js": {"path":"/mnt/c/Users/marci/OneDrive/Pulpit/n8n/tests/integration/websocket-integration.test.js","statementMap":{"0":{"start":{"line":6,"column":54},"end":{"line":6,"column":78}},"1":{"start":{"line":7,"column":18},"end":{"line":7,"column":42}},"2":{"start":{"line":8,"column":12},"end":{"line":8,"column":39}},"3":{"start":{"line":9,"column":11},"end":{"line":9,"column":33}},"4":{"start":{"line":10,"column":13},"end":{"line":10,"column":28}},"5":{"start":{"line":12,"column":0},"end":{"line":181,"column":3}},"6":{"start":{"line":15,"column":19},"end":{"line":15,"column":23}},"7":{"start":{"line":17,"column":2},"end":{"line":92,"column":12}},"8":{"start":{"line":19,"column":27},"end":{"line":78,"column":5}},"9":{"start":{"line":81,"column":4},"end":{"line":81,"column":84}},"10":{"start":{"line":84,"column":4},"end":{"line":86,"column":7}},"11":{"start":{"line":89,"column":4},"end":{"line":91,"column":7}},"12":{"start":{"line":90,"column":6},"end":{"line":90,"column":32}},"13":{"start":{"line":94,"column":2},"end":{"line":109,"column":5}},"14":{"start":{"line":95,"column":4},"end":{"line":97,"column":5}},"15":{"start":{"line":96,"column":6},"end":{"line":96,"column":27}},"16":{"start":{"line":99,"column":4},"end":{"line":101,"column":5}},"17":{"start":{"line":100,"column":6},"end":{"line":100,"column":23}},"18":{"start":{"line":104,"column":4},"end":{"line":108,"column":5}},"19":{"start":{"line":105,"column":6},"end":{"line":105,"column":67}},"20":{"start":{"line":111,"column":2},"end":{"line":132,"column":11}},"21":{"start":{"line":112,"column":4},"end":{"line":112,"column":55}},"22":{"start":{"line":114,"column":4},"end":{"line":116,"column":7}},"23":{"start":{"line":115,"column":6},"end":{"line":115,"column":48}},"24":{"start":{"line":118,"column":4},"end":{"line":127,"column":7}},"25":{"start":{"line":119,"column":6},"end":{"line":119,"column":44}},"26":{"start":{"line":120,"column":6},"end":{"line":120,"column":44}},"27":{"start":{"line":121,"column":6},"end":{"line":121,"column":43}},"28":{"start":{"line":122,"column":6},"end":{"line":122,"column":44}},"29":{"start":{"line":123,"column":6},"end":{"line":123,"column":47}},"30":{"start":{"line":124,"column":6},"end":{"line":124,"column":52}},"31":{"start":{"line":125,"column":6},"end":{"line":125,"column":52}},"32":{"start":{"line":126,"column":6},"end":{"line":126,"column":13}},"33":{"start":{"line":129,"column":4},"end":{"line":131,"column":7}},"34":{"start":{"line":130,"column":6},"end":{"line":130,"column":18}},"35":{"start":{"line":134,"column":2},"end":{"line":155,"column":11}},"36":{"start":{"line":135,"column":22},"end":{"line":135,"column":23}},"37":{"start":{"line":137,"column":4},"end":{"line":145,"column":7}},"38":{"start":{"line":138,"column":6},"end":{"line":138,"column":20}},"39":{"start":{"line":140,"column":6},"end":{"line":144,"column":7}},"40":{"start":{"line":141,"column":8},"end":{"line":141,"column":43}},"41":{"start":{"line":142,"column":8},"end":{"line":142,"column":84}},"42":{"start":{"line":142,"column":40},"end":{"line":142,"column":70}},"43":{"start":{"line":143,"column":8},"end":{"line":143,"column":15}},"44":{"start":{"line":148,"column":4},"end":{"line":154,"column":13}},"45":{"start":{"line":149,"column":6},"end":{"line":153,"column":11}},"46":{"start":{"line":151,"column":10},"end":{"line":151,"column":60}},"47":{"start":{"line":152,"column":10},"end":{"line":152,"column":22}},"48":{"start":{"line":157,"column":2},"end":{"line":180,"column":11}},"49":{"start":{"line":158,"column":22},"end":{"line":158,"column":27}},"50":{"start":{"line":160,"column":4},"end":{"line":165,"column":7}},"51":{"start":{"line":162,"column":6},"end":{"line":164,"column":14}},"52":{"start":{"line":163,"column":8},"end":{"line":163,"column":31}},"53":{"start":{"line":167,"column":4},"end":{"line":175,"column":7}},"54":{"start":{"line":168,"column":6},"end":{"line":174,"column":7}},"55":{"start":{"line":169,"column":8},"end":{"line":169,"column":15}},"56":{"start":{"line":171,"column":8},"end":{"line":171,"column":27}},"57":{"start":{"line":173,"column":8},"end":{"line":173,"column":34}},"58":{"start":{"line":177,"column":4},"end":{"line":179,"column":5}},"59":{"start":{"line":178,"column":6},"end":{"line":178,"column":32}}},"fnMap":{"0":{"name":"(anonymous_0)","decl":{"start":{"line":12,"column":48},"end":{"line":12,"column":49}},"loc":{"start":{"line":12,"column":54},"end":{"line":181,"column":1}},"line":12},"1":{"name":"(anonymous_1)","decl":{"start":{"line":17,"column":12},"end":{"line":17,"column":13}},"loc":{"start":{"line":17,"column":24},"end":{"line":92,"column":3}},"line":17},"2":{"name":"(anonymous_2)","decl":{"start":{"line":89,"column":22},"end":{"line":89,"column":23}},"loc":{"start":{"line":89,"column":35},"end":{"line":91,"column":5}},"line":89},"3":{"name":"(anonymous_3)","decl":{"start":{"line":94,"column":11},"end":{"line":94,"column":12}},"loc":{"start":{"line":94,"column":23},"end":{"line":109,"column":3}},"line":94},"4":{"name":"(anonymous_4)","decl":{"start":{"line":111,"column":71},"end":{"line":111,"column":72}},"loc":{"start":{"line":111,"column":81},"end":{"line":132,"column":3}},"line":111},"5":{"name":"(anonymous_5)","decl":{"start":{"line":114,"column":31},"end":{"line":114,"column":32}},"loc":{"start":{"line":114,"column":37},"end":{"line":116,"column":5}},"line":114},"6":{"name":"(anonymous_6)","decl":{"start":{"line":118,"column":38},"end":{"line":118,"column":39}},"loc":{"start":{"line":118,"column":48},"end":{"line":127,"column":5}},"line":118},"7":{"name":"(anonymous_7)","decl":{"start":{"line":129,"column":37},"end":{"line":129,"column":38}},"loc":{"start":{"line":129,"column":48},"end":{"line":131,"column":5}},"line":129},"8":{"name":"(anonymous_8)","decl":{"start":{"line":134,"column":61},"end":{"line":134,"column":62}},"loc":{"start":{"line":134,"column":71},"end":{"line":155,"column":3}},"line":134},"9":{"name":"(anonymous_9)","decl":{"start":{"line":137,"column":38},"end":{"line":137,"column":39}},"loc":{"start":{"line":137,"column":48},"end":{"line":145,"column":5}},"line":137},"10":{"name":"(anonymous_10)","decl":{"start":{"line":142,"column":32},"end":{"line":142,"column":33}},"loc":{"start":{"line":142,"column":40},"end":{"line":142,"column":70}},"line":142},"11":{"name":"(anonymous_11)","decl":{"start":{"line":148,"column":15},"end":{"line":148,"column":16}},"loc":{"start":{"line":148,"column":21},"end":{"line":154,"column":5}},"line":148},"12":{"name":"(anonymous_12)","decl":{"start":{"line":150,"column":15},"end":{"line":150,"column":16}},"loc":{"start":{"line":150,"column":24},"end":{"line":153,"column":9}},"line":150},"13":{"name":"(anonymous_13)","decl":{"start":{"line":157,"column":55},"end":{"line":157,"column":56}},"loc":{"start":{"line":157,"column":65},"end":{"line":180,"column":3}},"line":157},"14":{"name":"(anonymous_14)","decl":{"start":{"line":160,"column":34},"end":{"line":160,"column":35}},"loc":{"start":{"line":160,"column":40},"end":{"line":165,"column":5}},"line":160},"15":{"name":"(anonymous_15)","decl":{"start":{"line":162,"column":17},"end":{"line":162,"column":18}},"loc":{"start":{"line":162,"column":23},"end":{"line":164,"column":7}},"line":162},"16":{"name":"(anonymous_16)","decl":{"start":{"line":167,"column":31},"end":{"line":167,"column":32}},"loc":{"start":{"line":167,"column":37},"end":{"line":175,"column":5}},"line":167}},"branchMap":{"0":{"loc":{"start":{"line":95,"column":4},"end":{"line":97,"column":5}},"type":"if","locations":[{"start":{"line":95,"column":4},"end":{"line":97,"column":5}},{"start":{},"end":{}}],"line":95},"1":{"loc":{"start":{"line":99,"column":4},"end":{"line":101,"column":5}},"type":"if","locations":[{"start":{"line":99,"column":4},"end":{"line":101,"column":5}},{"start":{},"end":{}}],"line":99},"2":{"loc":{"start":{"line":140,"column":6},"end":{"line":144,"column":7}},"type":"if","locations":[{"start":{"line":140,"column":6},"end":{"line":144,"column":7}},{"start":{},"end":{}}],"line":140},"3":{"loc":{"start":{"line":168,"column":6},"end":{"line":174,"column":7}},"type":"if","locations":[{"start":{"line":168,"column":6},"end":{"line":174,"column":7}},{"start":{"line":170,"column":13},"end":{"line":174,"column":7}}],"line":168},"4":{"loc":{"start":{"line":177,"column":4},"end":{"line":179,"column":5}},"type":"if","locations":[{"start":{"line":177,"column":4},"end":{"line":179,"column":5}},{"start":{},"end":{}}],"line":177}},"s":{"0":0,"1":0,"2":0,"3":0,"4":0,"5":0,"6":0,"7":0,"8":0,"9":0,"10":0,"11":0,"12":0,"13":0,"14":0,"15":0,"16":0,"17":0,"18":0,"19":0,"20":0,"21":0,"22":0,"23":0,"24":0,"25":0,"26":0,"27":0,"28":0,"29":0,"30":0,"31":0,"32":0,"33":0,"34":0,"35":0,"36":0,"37":0,"38":0,"39":0,"40":0,"41":0,"42":0,"43":0,"44":0,"45":0,"46":0,"47":0,"48":0,"49":0,"50":0,"51":0,"52":0,"53":0,"54":0,"55":0,"56":0,"57":0,"58":0,"59":0},"f":{"0":0,"1":0,"2":0,"3":0,"4":0,"5":0,"6":0,"7":0,"8":0,"9":0,"10":0,"11":0,"12":0,"13":0,"14":0,"15":0,"16":0},"b":{"0":[0,0],"1":[0,0],"2":[0,0],"3":[0,0],"4":[0,0]}}
,"/mnt/c/Users/marci/OneDrive/Pulpit/n8n/tests/integration/agents/niche-generator-16.test.js": {"path":"/mnt/c/Users/marci/OneDrive/Pulpit/n8n/tests/integration/agents/niche-generator-16.test.js","statementMap":{"0":{"start":{"line":9,"column":28},"end":{"line":9,"column":77}},"1":{"start":{"line":12,"column":24},"end":{"line":12,"column":38}},"2":{"start":{"line":13,"column":0},"end":{"line":17,"column":3}},"3":{"start":{"line":14,"column":2},"end":{"line":14,"column":26}},"4":{"start":{"line":15,"column":2},"end":{"line":15,"column":27}},"5":{"start":{"line":16,"column":2},"end":{"line":16,"column":28}},"6":{"start":{"line":19,"column":0},"end":{"line":21,"column":3}},"7":{"start":{"line":20,"column":2},"end":{"line":20,"column":42}},"8":{"start":{"line":23,"column":0},"end":{"line":383,"column":3}},"9":{"start":{"line":26,"column":2},"end":{"line":31,"column":5}},"10":{"start":{"line":27,"column":4},"end":{"line":27,"column":39}},"11":{"start":{"line":28,"column":4},"end":{"line":30,"column":5}},"12":{"start":{"line":29,"column":6},"end":{"line":29,"column":31}},"13":{"start":{"line":33,"column":2},"end":{"line":134,"column":5}},"14":{"start":{"line":34,"column":4},"end":{"line":36,"column":7}},"15":{"start":{"line":35,"column":6},"end":{"line":35,"column":31}},"16":{"start":{"line":38,"column":4},"end":{"line":67,"column":7}},"17":{"start":{"line":39,"column":27},"end":{"line":43,"column":7}},"18":{"start":{"line":45,"column":6},"end":{"line":48,"column":9}},"19":{"start":{"line":47,"column":26},"end":{"line":47,"column":38}},"20":{"start":{"line":50,"column":21},"end":{"line":50,"column":82}},"21":{"start":{"line":52,"column":6},"end":{"line":60,"column":9}},"22":{"start":{"line":63,"column":6},"end":{"line":66,"column":8}},"23":{"start":{"line":69,"column":4},"end":{"line":91,"column":7}},"24":{"start":{"line":70,"column":24},"end":{"line":74,"column":7}},"25":{"start":{"line":76,"column":6},"end":{"line":90,"column":7}},"26":{"start":{"line":77,"column":8},"end":{"line":80,"column":11}},"27":{"start":{"line":79,"column":29},"end":{"line":79,"column":56}},"28":{"start":{"line":82,"column":23},"end":{"line":82,"column":77}},"29":{"start":{"line":86,"column":36},"end":{"line":86,"column":100}},"30":{"start":{"line":88,"column":8},"end":{"line":88,"column":58}},"31":{"start":{"line":93,"column":4},"end":{"line":122,"column":7}},"32":{"start":{"line":94,"colu
[...]
column":4},"end":{"line":243,"column":67}},"109":{"start":{"line":244,"column":4},"end":{"line":244,"column":72}},"110":{"start":{"line":245,"column":4},"end":{"line":245,"column":86}},"111":{"start":{"line":245,"column":51},"end":{"line":245,"column":72}}},"fnMap":{"0":{"name":"(anonymous_0)","decl":{"start":{"line":9,"column":49},"end":{"line":9,"column":50}},"loc":{"start":{"line":9,"column":55},"end":{"line":247,"column":1}},"line":9},"1":{"name":"(anonymous_1)","decl":{"start":{"line":13,"column":12},"end":{"line":13,"column":13}},"loc":{"start":{"line":13,"column":24},"end":{"line":17,"column":3}},"line":13},"2":{"name":"(anonymous_2)","decl":{"start":{"line":19,"column":11},"end":{"line":19,"column":12}},"loc":{"start":{"line":19,"column":23},"end":{"line":23,"column":3}},"line":19},"3":{"name":"(anonymous_3)","decl":{"start":{"line":25,"column":13},"end":{"line":25,"column":14}},"loc":{"start":{"line":25,"column":19},"end":{"line":27,"column":3}},"line":25},"4":{"name":"(anonymous_4)","decl":{"start":{"line":29,"column":66},"end":{"line":29,"column":67}},"loc":{"start":{"line":29,"column":78},"end":{"line":106,"column":3}},"line":29},"5":{"name":"(anonymous_5)","decl":{"start":{"line":97,"column":30},"end":{"line":97,"column":31}},"loc":{"start":{"line":97,"column":37},"end":{"line":97,"column":44}},"line":97},"6":{"name":"(anonymous_6)","decl":{"start":{"line":108,"column":60},"end":{"line":108,"column":61}},"loc":{"start":{"line":108,"column":72},"end":{"line":128,"column":3}},"line":108},"7":{"name":"(anonymous_7)","decl":{"start":{"line":130,"column":51},"end":{"line":130,"column":52}},"loc":{"start":{"line":130,"column":63},"end":{"line":177,"column":3}},"line":130},"8":{"name":"(anonymous_8)","decl":{"start":{"line":179,"column":55},"end":{"line":179,"column":56}},"loc":{"start":{"line":179,"column":67},"end":{"line":193,"column":3}},"line":179},"9":{"name":"(anonymous_9)","decl":{"start":{"line":195,"column":53},"end":{"line":195,"column":54}},"loc":{"start":{"line":195,"column":65},"end":{"line":220,"column":3}},"line":195},"10":{"name":"(anonymous_10)","decl":{"start":{"line":209,"column":25},"end":{"line":209,"column":26}},"loc":{"start":{"line":209,"column":30},"end":{"line":209,"column":34}},"line":209},"11":{"name":"(anonymous_11)","decl":{"start":{"line":212,"column":47},"end":{"line":212,"column":48}},"loc":{"start":{"line":212,"column":52},"end":{"line":212,"column":60}},"line":212},"12":{"name":"(anonymous_12)","decl":{"start":{"line":214,"column":22},"end":{"line":214,"column":23}},"loc":{"start":{"line":214,"column":27},"end":{"line":214,"column":51}},"line":214},"13":{"name":"(anonymous_13)","decl":{"start":{"line":218,"column":39},"end":{"line":218,"column":40}},"loc":{"start":{"line":218,"column":46},"end":{"line":218,"column":74}},"line":218},"14":{"name":"(anonymous_14)","decl":{"start":{"line":222,"column":48},"end":{"line":222,"column":49}},"loc":{"start":{"line":222,"column":60},"end":{"line":246,"column":3}},"line":222},"15":{"name":"(anonymous_15)","decl":{"start":{"line":245,"column":46},"end":{"line":245,"column":47}},"loc":{"start":{"line":245,"column":51},"end":{"line":245,"column":72}},"line":245}},"branchMap":{"0":{"loc":{"start":{"line":20,"column":4},"end":{"line":22,"column":5}},"type":"if","locations":[{"start":{"line":20,"column":4},"end":{"line":22,"column":5}},{"start":{},"end":{}}],"line":20},"1":{"loc":{"start":{"line":160,"column":25},"end":{"line":160,"column":76}},"type":"binary-expr","locations":[{"start":{"line":160,"column":25},"end":{"line":160,"column":70}},{"start":{"line":160,"column":74},"end":{"line":160,"column":76}}],"line":160},"2":{"loc":{"start":{"line":187,"column":6},"end":{"line":189,"column":7}},"type":"if","locations":[{"start":{"line":187,"column":6},"end":{"line":189,"column":7}},{"start":{},"end":{}}],"line":187},"3":{"loc":{"start":{"line":214,"column":27},"end":{"line":214,"column":51}},"type":"binary-expr","locations":[{"start":{"line":214,"column":27},"end":{"line":214,"column":33}},{"start":{"line":214,"column":37},"end":{"line":214,"column":51}}],"line":214}},"s":{"0":0,"1":0,"2":0,"3":0,"4":0,"5":0,"6":0,"7":0,"8":0,"9":0,"10":0,"11":0,"12":0,"13":0,"14":0,"15":0,"16":0,"17":0,"18":0,"19":0,"20":0,"21":0,"22":0,"23":0,"24":0,"25":0,"26":0,"27":0,"28":0,"29":0,"30":0,"31":0,"32":0,"33":0,"34":0,"35":0,"36":0,"37":0,"38":0,"39":0,"40":0,"41":0,"42":0,"43":0,"44":0,"45":0,"46":0,"47":0,"48":0,"49":0,"50":0,"51":0,"52":0,"53":0,"54":0,"55":0,"56":0,"57":0,"58":0,"59":0,"60":0,"61":0,"62":0,"63":0,"64":0,"65":0,"66":0,"67":0,"68":0,"69":0,"70":0,"71":0,"72":0,"73":0,"74":0,"75":0,"76":0,"77":0,"78":0,"79":0,"80":0,"81":0,"82":0,"83":0,"84":0,"85":0,"86":0,"87":0,"88":0,"89":0,"90":0,"91":0,"92":0,"93":0,"94":0,"95":0,"96":0,"97":0,"98":0,"99":0,"100":0,"101":0,"102":0,"103":0,"104":0,"105":0,"106":0,"107":0,"108":0,"109":0,"110":0,"111":0},"f":{"0":0,"1":0,"2":0,"3":0,"4":0,"5":0,"6":0,"7":0,"8":0,"9":0,"10":0,"11":0,"12":0,"13":0,"14":0,"15":0},"b":{"0":[0,0],"1":[0,0],"2":[0,0],"3":[0,0]}}
,"/mnt/c/Users/marci/OneDrive/Pulpit/n8n/tests/setup/jest.setup.js": {"path":"/mnt/c/Users/marci/OneDrive/Pulpit/n8n/tests/setup/jest.setup.js","statementMap":{"0":{"start":{"line":6,"column":45},"end":{"line":6,"column":77}},"1":{"start":{"line":7,"column":22},"end":{"line":7,"column":57}},"2":{"start":{"line":10,"column":0},"end":{"line":10,"column":52}},"3":{"start":{"line":11,"column":0},"end":{"line":11,"column":47}},"4":{"start":{"line":17,"column":0},"end":{"line":35,"column":3}},"5":{"start":{"line":19,"column":14},"end":{"line":19,"column":51}},"6":{"start":{"line":20,"column":2},"end":{"line":20,"column":43}},"7":{"start":{"line":23,"column":2},"end":{"line":27,"column":3}},"8":{"start":{"line":24,"column":4},"end":{"line":24,"column":41}},"9":{"start":{"line":25,"column":4},"end":{"line":25,"column":29}},"10":{"start":{"line":26,"column":4},"end":{"line":26,"column":54}},"11":{"start":{"line":30,"column":16},"end":{"line":30,"column":54}},"12":{"start":{"line":31,"column":20},"end":{"line":31,"column":74}},"13":{"start":{"line":32,"column":2},"end":{"line":34,"column":3}},"14":{"start":{"line":33,"column":4},"end":{"line":33,"column":48}},"15":{"start":{"line":38,"column":0},"end":{"line":62,"column":3}},"16":{"start":{"line":40,"column":2},"end":{"line":42,"column":3}},"17":{"start":{"line":41,"column":4},"end":{"line":41,"column":28}},"18":{"start":{"line":45,"column":2},"end":{"line":45,"column":46}},"19":{"start":{"line":48,"column":22},"end":{"line":48,"column":61}},"20":{"start":{"line":49,"column":2},"end":{"line":49,"column":41}},"21":{"start":{"line":50,"column":2},"end":{"line":50,"column":72}},"22":{"start":{"line":51,"column":2},"end":{"line":51,"column":76}},"23":{"start":{"line":52,"column":2},"end":{"line":52,"column":68}},"24":{"start":{"line":55,"column":2},"end":{"line":57,"column":3}},"25":{"start":{"line":56,"column":4},"end":{"line":56,"column":126}},"26":{"start":{"line":59,"column":2},"end":{"line":61,"column":3}},"27":{"start":{"line":60,"column":4},"end":{"line":60,"column":132}},"28":{"start":{"line":65,"column":0},"end":{"line":116,"column":3}},"29":{"start":{"line":67,"column":19},"end":{"line":67,"column":56}},"30":{"start":{"line":68,"column":17},"end":{"line":68,"column":35}},"31":{"start":{"line":70,"column":4},"end":{"line":80,"column":5}},"32":{"start":{"line":71,"column":6},"end":{"line":74,"column":8}},"33":{"start":{"line":72,"column":23},"end":{"line":72,"column":72}},"34":{"start":{"line":76,"column":6},"end":{"line":79,"column":8}},"35":{"start":{"line":77,"column":23},"end":{"line":77,"column":75}},"36":{"start":{"line":84,"column":31},"end":{"line":84,"column":63}},"37":{"start":{"line":85,"column":20},"end":{"line":85,"column":73}},"38":{"start":{"line":87,"column":4},"end":{"line":97,"column":5}},"39":{"start":{"line":88,"column":6},"end":{"line":91,"column":8}},"40":{"start":{"line":89,"column":23},"end":{"line":89,"column":75}},"41":{"start":{"line":93,"column":6},"end":{"line":96,"column":8}},"42":{"start":{"line":94,"column":23},"end":{"line":94,"column":105}},"43":{"start":{"line":102,"column":17},"end":{"line":102,"column":38}},"44":{"start":{"line":104,"column":4},"end":{"line":114,"column":5}},"45":{"start":{"line":105,"column":6},"end":{"line":108,"column":8}},"46":{"start":{"line":106,"column":23},"end":{"line":106,"column":78}},"47":{"start":{"line":110,"column":6},"end":{"line":113,"column":8}},"48":{"start":{"line":111,"column":23},"end":{"line":111,"column":101}},"49":{"start":{"line":119,"column":0},"end":{"line":175,"column":2}},"50":{"start":{"line":121,"column":24},"end":{"line":121,"column":82}},"51":{"start":{"line":123,"column":4},"end":{"line":125,"column":5}},"52":{"start":{"line":124,"column":6},"end":{"line":124,"column":77}},"53":{"start":{"line":127,"column":4},"end":{"line":127,"column":23}},"54":{"start":{"line":131,"column":4},"end":{"line":131,"column":28}},"55":{"start":{"line":131,"column":21},"end":{"line":131,"column":28}},"56":{"start":{"line":134,"column":24},"end":{"line":134,"column":26}},"57":{"start":{"line":135,"column":4},"end":{"line":143,"column":5}},"58":{"start":{"line":135,"column":17},"end":{"line":135,"column":18}},"59":{"start":{"line":136,"column":6},"end":{"line":141,"column":7}},"60":{"start":{"line":137,"column":25},"end":{"line":137,"column":68}},"61":{"start":{"line":138,"column":8},"end":{"line":138,"column":32}},"62":{"start":{"line":138,"column":25},"end":{"line":138,"column":32}},"63":{"start":{"line":142,"column":6},"end":{"line":142,"column":61}},"64":{"start":{"line":142,"column":35},"end":{"line":142,"column":59}},"65":{"start":{"line":145,"column":4},"end":{"line":145,"column":60}},"66":{"start":{"line":149,"column":4},"end":{"line":149,"column":56}},"67":{"start":{"line":153,"column":4},"end":{"line":155,"column":5}},"68":{"start":{"line":154,"column":6},"end":{"line":154,"column":35}},"69":{"start":{"line":160,"column":4},"end":{"line":162,"column":5}},"70":{"start":{"line":161,"column":6},"end":{"line":161,"column":23}},"71":{"start":{"line":163,"column":4},"end":{"line":163,"column":16}},"72":{"start":{"line":167,"column":24},"end":{"line":167,"column":63}},"73":{"start":{"line":168,"column":28},"end":{"line":168,"column":85}},"74":{"start":{"line":170,"column":4},"end":{"line":172,"column":5}},"75":{"start":{"line":171,"column":6},"end":{"line":171,"column":23}},"76":{"start":{"line":173,"column":4},"end":{"line":173,"column":16}},"77":{"start":{"line":178,"column":27},"end":{"line":178,"column":38}},"78":{"start":{"line":179,"column":0},"end":{"line":186,"column":2}},"79":{"start":{"line":181,"column":18},"end":{"line":181,"column":32}},"80":{"start":{"line":182,"column":2},"end":{"line":184,"column":3}},"81":{"start":{"line":185,"column":2},"end":{"line":185,"column":42}},"82":{"start":{"line":189,"column":0},"end":{"line":192,"column":3}},"83":{"start":{"line":190,"column":2},"end":{"line":190,"column":71}},"84":{"start":{"line":195,"column":0},"end":{"line":195,"column":56}},"85":{"start":{"line":197,"column":0},"end":{"line":197,"column":86}}},"fnMap":{"0":{"name":"(anonymous_0)","decl":{"start":{"line":17,"column":10},"end":{"line":17,"column":11}},"loc":{"start":{"line":17,"column":22},"end":{"line":35,"column":1}},"line":17},"1":{"name":"(anonymous_1)","decl":{"start":{"line":38,"column":9},"end":{"line":38,"column":10}},"loc":{"start":{"line":38,"column":21},"end":{"line":62,"column":1}},"line":38},"2":{"name":"(anonymous_2)","decl":{"start":{"line":66,"column":2},"end":{"line":66,"column":3}},"loc":{"start":{"line":66,"column":54},"end":{"line":81,"column":3}},"line":66},"3":{"name":"(anonymous_3)","decl":{"start":{"line":72,"column":17},"end":{"line":72,"column":18}},"loc":{"start":{"line":72,"column":23},"end":{"line":72,"column":72}},"line":72},"4":{"name":"(anonymous_4)","decl":{"start":{"line":77,"column":17},"end":{"line":77,"column":18}},"loc":{"start":{"line":77,"column":23},"end":{"line":77,"column":75}},"line":77},"5":{"name":"(anonymous_5)","decl":{"start":{"line":83,"column":2},"end":{"line":83,"column":3}},"loc":{"start":{"line":83,"column":44},"end":{"line":98,"column":3}},"line":83},"6":{"name":"(anonymous_6)","decl":{"start":{"line":89,"column":17},"end":{"line":89,"column":18}},"loc":{"start":{"line":89,"column":23},"end":{"line":89,"column":75}},"line":89},"7":{"name":"(anonymous_7)","decl":{"start":{"line":94,"column":17},"end":{"line":94,"column":18}},"loc":{"start":{"line":94,"column":23},"end":{"line":94,"column":105}},"line":94},"8":{"name":"(anonymous_8)","decl":{"start":{"line":100,"column":2},"end":{"line":100,"column":3}},"loc":{"start":{"line":100,"column":47},"end":{"line":115,"column":3}},"line":100},"9":{"name":"(anonymous_9)","decl":{"start":{"line":106,"column":17},"end":{"line":106,"column":18}},"loc":{"start":{"line":106,"column":23},"end":{"line":106,"column":78}},"line":106},"10":{"name":"(anonymous_10)","decl":{"start":{"line":111,"column":17},"end":{"line":111,"column":18}},"loc":{"start":{"line":111,"column":23},"end":{"line":111,"column":101}},"line":111},"11":{"name":"(anonymous_11)","decl":{"start":{"line":120,"column":2},"end":{"line":120,"column":3}},"loc":{"start":{"line":120,"column":48},"end":{"line":128,"column":3}},"line":120},"12":{"name":"(anonymous_12)","decl":{"start":{"line":130,"column":2},"end":{"line":130,"column":3}},"loc":{"start":{"line":130,"column":28},"end":{"line":146,"column":3}},"line":130},"13":{"name":"(anonymous_13)","decl":{"start":{"line":142,"column":24},"end":{"line":142,"column":25}},"loc":{"start":{"line":142,"column":35},"end":{"line":142,"column":59}},"line":142},"14":{"name":"(anonymous_14)","decl":{"start":{"line":148,"column":2},"end":{"line":148,"column":3}},"loc":{"start":{"line":148,"column":22},"end":{"line":150,"column":3}},"line":148},"15":{"name":"(anonymous_15)","decl":{"start":{"line":152,"column":2},"end":{"line":152,"column":3}},"loc":{"start":{"line":152,"column":24},"end":{"line":156,"column":3}},"line":152},"16":{"name":"(anonymous_16)","decl":{"start":{"line":159,"column":2},"end":{"line":159,"column":3}},"loc":{"start":{"line":159,"column":21},"end":{"line":164,"column":3}},"line":159},"17":{"name":"(anonymous_17)","decl":{"start":{"line":166,"column":2},"end":{"line":166,"column":3}},"loc":{"start":{"line":166,"column":19},"end":{"line":174,"column":3}},"line":166},"18":{"name":"(anonymous_18)","decl":{"start":{"line":179,"column":14},"end":{"line":179,"column":15}},"loc":{"start":{"line":179,"column":27},"end":{"line":186,"column":1}},"line":179},"19":{"name":"(anonymous_19)","decl":{"start":{"line":189,"column":33},"end":{"line":189,"column":34}},"loc":{"start":{"line":189,"column":54},"end":{"line":192,"column":1}},"line":189}},"branchMap":{"0":{"loc":{"start":{"line":23,"column":2},"end":{"line":27,"column":3}},"type":"if","locations":[{"start":{"line":23,"column":2},"end":{"line":27,"column":3}},{"start":{},"end":{}}],"line":23},"1":{"loc":{"start":{"line":32,"column":2},"end":{"line":34,"column":3}},"type":"if","locations":[{"start":{"line":32,"column":2},"end":{"line":34,"column":3}},{"start":{},"end":{}}],"line":32},"2":{"loc":{"start":{"line":40,"column":2},"end":{"line":42,"column":3}},"type":"if","locations":[{"start":{"line":40,"column":2},"end":{"line":42,"column":3}},{"start":{},"end":{}}],"line":40},"3":{"loc":{"start":{"line":55,"column":2},"end":{"line":57,"column":3}},"type":"if","locations":[{"start":{"line":55,"column":2},"end":{"line":57,"column":3}},{"start":{},"end":{}}],"line":55},"4":{"loc":{"start":{"line":59,"column":2},"end":{"line":61,"column":3}},"type":"if","locations":[{"start":{"line":59,"column":2},"end":{"line":61,"column":3}},{"start":{},"end":{}}],"line":59},"5":{"loc":{"start":{"line":66,"column":29},"end":{"line":66,"column":52}},"type":"default-arg","locations":[{"start":{"line":66,"column":42},"end":{"line":66,"column":52}}],"line":66},"6":{"loc":{"start":{"line":70,"column":4},"end":{"line":80,"column":5}},"type":"if","locations":[{"start":{"line":70,"column":4},"end":{"line":80,"column":5}},{"start":{"line":75,"column":11},"end":{"line":80,"column":5}}],"line":70},"7":{"loc":{"start":{"line":87,"column":4},"end":{"line":97,"column":5}},"type":"if","locations":[{"start":{"line":87,"column":4},"end":{"line":97,"column":5}},{"start":{"line":92,"column":11},"end":{"line":97,"column":5}}],"line":87},"8":{"loc":{"start":{"line":104,"column":4},"end":{"line":114,"column":5}},"type":"if","locations":[{"start":{"line":104,"column":4},"end":{"line":114,"column":5}},{"start":{"line":109,"column":11},"end":{"line":114,"column":5}}],"line":104},"9":{"loc":{"start":{"line":120,"column":36},"end":{"line":120,"column":46}},"type":"default-arg","locations":[{"start":{"line":120,"column":45},"end":{"line":120,"column":46}}],"line":120},"10":{"loc":{"start":{"line":123,"column":4},"end":{"line":125,"column":5}},"type":"if","locations":[{"start":{"line":123,"column":4},"end":{"line":125,"column":5}},{"start":{},"end":{}}],"line":123},"11":{"loc":{"start":{"line":123,"column":8},"end":{"line":123,"column":80}},"type":"binary-expr","locations":[{"start":{"line":123,"column":8},"end":{"line":123,"column":34}},{"start":{"line":123,"column":38},"end":{"line":123,"column":80}}],"line":123},"12":{"loc":{"start":{"line":131,"column":4},"end":{"line":131,"column":28}},"type":"if","locations":[{"start":{"line":131,"column":4},"end":{"line":131,"column":28}},{"start":{},"end":{}}],"line":131},"13":{"loc":{"start":{"line":138,"column":8},"end":{"line":138,"column":32}},"type":"if","locations":[{"start":{"line":138,"column":8},"end":{"line":138,"column":32}},{"start":{},"end":{}}],"line":138},"14":{"loc":{"start":{"line":149,"column":11},"end":{"line":149,"column":55}},"type":"cond-expr","locations":[{"start":{"line":149,"column":24},"end":{"line":149,"column":50}},{"start":{"line":149,"column":53},"end":{"line":149,"column":55}}],"line":149},"15":{"loc":{"start":{"line":153,"column":4},"end":{"line":155,"column":5}},"type":"if","locations":[{"start":{"line":153,"column":4},"end":{"line":155,"column":5}},{"start":{},"end":{}}],"line":153},"16":{"loc":{"start":{"line":160,"column":4},"end":{"line":162,"column":5}},"type":"if","locations":[{"start":{"line":160,"column":4},"end":{"line":162,"column":5}},{"start":{},"end":{}}],"line":160},"17":{"loc":{"start":{"line":170,"column":4},"end":{"line":172,"column":5}},"type":"if","locations":[{"start":{"line":170,"column":4},"end":{"line":172,"column":5}},{"start":{},"end":{}}],"line":170},"18":{"loc":{"start":{"line":182,"column":2},"end":{"line":184,"column":3}},"type":"if","locations":[{"start":{"line":182,"column":2},"end":{"line":184,"column":3}},{"start":{},"end":{}}],"line":182},"19":{"loc":{"start":{"line":182,"column":6},"end":{"line":182,"column":66}},"type":"binary-expr","locations":[{"start":{"line":182,"column":6},"end":{"line":182,"column":35}},{"start":{"line":182,"column":39},"end":{"line":182,"column":66}}],"line":182}},"s":{"0":0,"1":0,"2":0,"3":0,"4":0,"5":0,"6":0,"7":0,"8":0,"9":0,"10":0,"11":0,"12":0,"13":0,"14":0,"15":0,"16":0,"17":0,"18":0,"19":0,"20":0,"21":0,"22":0,"23":0,"24":0,"25":0,"26":0,"27":0,"28":0,"29":0,"30":0,"31":0,"32":0,"33":0,"34":0,"35":0,"36":0,"37":0,"38":0,"39":0,"40":0,"41":0,"42":0,"43":0,"44":0,"45":0,"46":0,"47":0,"48":0,"49":0,"50":0,"51":0,"52":0,"53":0,"54":0,"55":0,"56":0,"57":0,"58":0,"59":0,"60":0,"61":0,"62":0,"63":0,"64":0,"65":0,"66":0,"67":0,"68":0,"69":0,"70":0,"71":0,"72":0,"73":0,"74":0,"75":0,"76":0,"77":0,"78":0,"79":0,"80":0,"81":0,"82":0,"83":0,"84":0,"85":0},"f":{"0":0,"1":0,"2":0,"3":0,"4":0,"5":0,"6":0,"7":0,"8":0,"9":0,"10":0,"11":0,"12":0,"13":0,"14":0,"15":0,"16":0,"17":0,"18":0,"19":0},"b":{"0":[0,0],"1":[0,0],"2":[0,0],"3":[0,0],"4":[0,0],"5":[0],"6":[0,0],"7":[0,0],"8":[0,0],"9":[0],"10":[0,0],"11":[0,0],"12":[0,0],"13":[0,0],"14":[0,0],"15":[0,0],"16":[0,0],"17":[0,0],"18":[0,0],"19":[0,0]}}
}
