TN:
SF:tests/budget-guard-test.js
FN:24,logTest
FN:33,addError
FN:43,createMockCostData
FN:67,cleanup
FN:83,testBudgetWithinLimits
FN:121,testBudgetExceeded
FN:158,testNoCostData
FN:198,testDefaultBudgetLimit
FN:232,testErrorHandling
FN:265,runBudgetGuardTests
FN:292,(anonymous_10)
FN:325,(anonymous_11)
FN:327,(anonymous_12)
FNF:13
FNH:0
FNDA:0,logTest
FNDA:0,addError
FNDA:0,createMockCostData
FNDA:0,cleanup
FNDA:0,testBudgetWithinLimits
FNDA:0,testBudgetExceeded
FNDA:0,testNoCostData
FNDA:0,testDefaultBudgetLimit
FNDA:0,testErrorHandling
FNDA:0,runBudgetGuardTests
FNDA:0,(anonymous_10)
FNDA:0,(anonymous_11)
FNDA:0,(anonymous_12)
DA:6,0
DA:7,0
DA:8,0
DA:11,0
DA:17,0
DA:25,0
DA:26,0
DA:27,0
DA:29,0
DA:30,0
DA:34,0
DA:44,0
DA:45,0
DA:47,0
DA:49,0
DA:50,0
DA:51,0
DA:63,0
DA:68,0
DA:69,0
DA:75,0
DA:76,0
DA:78,0
DA:84,0
DA:86,0
DA:87,0
DA:90,0
DA:91,0
DA:92,0
DA:94,0
DA:97,0
DA:98,0
DA:99,0
DA:102,0
DA:105,0
DA:109,0
DA:111,0
DA:115,0
DA:116,0
DA:122,0
DA:124,0
DA:125,0
DA:128,0
DA:129,0
DA:130,0
DA:132,0
DA:135,0
DA:136,0
DA:137,0
DA:139,0
DA:142,0
DA:146,0
DA:148,0
DA:152,0
DA:153,0
DA:159,0
DA:161,0
DA:164,0
DA:165,0
DA:167,0
DA:168,0
DA:169,0
DA:170,0
DA:175,0
DA:178,0
DA:179,0
DA:182,0
DA:186,0
DA:188,0
DA:192,0
DA:193,0
DA:199,0
DA:201,0
DA:202,0
DA:205,0
DA:206,0
DA:207,0
DA:209,0
DA:212,0
DA:213,0
DA:214,0
DA:216,0
DA:219,0
DA:220,0
DA:222,0
DA:226,0
DA:227,0
DA:233,0
DA:235,0
DA:236,0
DA:238,0
DA:239,0
DA:241,0
DA:244,0
DA:245,0
DA:246,0
DA:252,0
DA:253,0
DA:255,0
DA:259,0
DA:260,0
DA:266,0
DA:267,0
DA:269,0
DA:271,0
DA:272,0
DA:273,0
DA:274,0
DA:275,0
DA:276,0
DA:279,0
DA:282,0
DA:283,0
DA:284,0
DA:285,0
DA:286,0
DA:287,0
DA:288,0
DA:290,0
DA:291,0
DA:292,0
DA:293,0
DA:298,0
DA:299,0
DA:300,0
DA:302,0
DA:303,0
DA:307,0
DA:308,0
DA:309,0
DA:314,0
DA:324,0
DA:325,0
DA:326,0
DA:328,0
DA:329,0
LF:136
LH:0
BRDA:24,0,0,0
BRDA:26,1,0,0
BRDA:26,1,1,0
BRDA:29,2,0,0
BRDA:29,2,1,0
BRDA:43,3,0,0
BRDA:47,4,0,0
BRDA:47,4,1,0
BRDA:75,5,0,0
BRDA:75,5,1,0
BRDA:105,6,0,0
BRDA:105,6,1,0
BRDA:105,7,0,0
BRDA:105,7,1,0
BRDA:105,7,2,0
BRDA:105,7,3,0
BRDA:142,8,0,0
BRDA:142,8,1,0
BRDA:142,9,0,0
BRDA:142,9,1,0
BRDA:142,9,2,0
BRDA:142,9,3,0
BRDA:178,10,0,0
BRDA:178,10,1,0
BRDA:182,11,0,0
BRDA:182,11,1,0
BRDA:182,12,0,0
BRDA:182,12,1,0
BRDA:182,12,2,0
BRDA:182,12,3,0
BRDA:219,13,0,0
BRDA:219,13,1,0
BRDA:219,14,0,0
BRDA:219,14,1,0
BRDA:252,15,0,0
BRDA:252,15,1,0
BRDA:252,16,0,0
BRDA:252,16,1,0
BRDA:252,16,2,0
BRDA:290,17,0,0
BRDA:290,17,1,0
BRDA:298,18,0,0
BRDA:298,18,1,0
BRDA:324,19,0,0
BRDA:324,19,1,0
BRDA:326,20,0,0
BRDA:326,20,1,0
BRF:47
BRH:0
end_of_record
TN:
SF:tests/qc-smoke-tests.js
FN:30,logTest
FN:40,addError
FN:50,testSpellCheckAgent
FN:87,testContrastAgent
FN:126,testReadabilityAgent
FN:173,testMockupAgent
FN:219,testSharedModules
FN:232,(anonymous_7)
FN:270,testIntegration
FN:299,(anonymous_9)
FN:322,runSmokeTests
FN:329,(anonymous_11)
FN:358,(anonymous_12)
FN:392,(anonymous_13)
FNF:14
FNH:0
FNDA:0,logTest
FNDA:0,addError
FNDA:0,testSpellCheckAgent
FNDA:0,testContrastAgent
FNDA:0,testReadabilityAgent
FNDA:0,testMockupAgent
FNDA:0,testSharedModules
FNDA:0,(anonymous_7)
FNDA:0,testIntegration
FNDA:0,(anonymous_9)
FNDA:0,runSmokeTests
FNDA:0,(anonymous_11)
FNDA:0,(anonymous_12)
FNDA:0,(anonymous_13)
DA:6,0
DA:7,0
DA:8,0
DA:9,0
DA:10,0
DA:11,0
DA:14,0
DA:22,0
DA:31,0
DA:32,0
DA:33,0
DA:35,0
DA:36,0
DA:37,0
DA:41,0
DA:51,0
DA:53,0
DA:54,0
DA:57,0
DA:58,0
DA:59,0
DA:61,0
DA:65,0
DA:66,0
DA:67,0
DA:69,0
DA:73,0
DA:74,0
DA:75,0
DA:77,0
DA:81,0
DA:82,0
DA:88,0
DA:90,0
DA:91,0
DA:94,0
DA:95,0
DA:96,0
DA:98,0
DA:102,0
DA:103,0
DA:104,0
DA:107,0
DA:111,0
DA:112,0
DA:113,0
DA:114,0
DA:116,0
DA:120,0
DA:121,0
DA:127,0
DA:129,0
DA:130,0
DA:133,0
DA:134,0
DA:135,0
DA:137,0
DA:141,0
DA:142,0
DA:143,0
DA:146,0
DA:150,0
DA:151,0
DA:152,0
DA:154,0
DA:158,0
DA:159,0
DA:160,0
DA:161,0
DA:163,0
DA:167,0
DA:168,0
DA:174,0
DA:176,0
DA:177,0
DA:180,0
DA:181,0
DA:182,0
DA:184,0
DA:188,0
DA:189,0
DA:190,0
DA:192,0
DA:196,0
DA:197,0
DA:198,0
DA:201,0
DA:205,0
DA:206,0
DA:207,0
DA:209,0
DA:213,0
DA:214,0
DA:220,0
DA:222,0
DA:224,0
DA:225,0
DA:226,0
DA:228,0
DA:232,0
DA:233,0
DA:234,0
DA:237,0
DA:240,0
DA:241,0
DA:242,0
DA:244,0
DA:248,0
DA:249,0
DA:250,0
DA:252,0
DA:256,0
DA:257,0
DA:258,0
DA:260,0
DA:264,0
DA:265,0
DA:271,0
DA:273,0
DA:275,0
DA:282,0
DA:283,0
DA:286,0
DA:287,0
DA:290,0
DA:291,0
DA:294,0
DA:295,0
DA:298,0
DA:299,0
DA:301,0
DA:302,0
DA:304,0
DA:308,0
DA:309,0
DA:310,0
DA:312,0
DA:316,0
DA:317,0
DA:323,0
DA:324,0
DA:326,0
DA:329,0
DA:330,0
DA:331,0
DA:334,0
DA:336,0
DA:337,0
DA:338,0
DA:339,0
DA:340,0
DA:341,0
DA:344,0
DA:347,0
DA:348,0
DA:349,0
DA:350,0
DA:351,0
DA:352,0
DA:353,0
DA:354,0
DA:356,0
DA:357,0
DA:358,0
DA:359,0
DA:364,0
DA:365,0
DA:366,0
DA:368,0
DA:369,0
DA:373,0
DA:374,0
DA:375,0
DA:380,0
DA:391,0
DA:392,0
DA:393,0
DA:394,0
LF:178
LH:0
BRDA:30,0,0,0
BRDA:32,1,0,0
BRDA:32,1,1,0
BRDA:32,2,0,0
BRDA:32,2,1,0
BRDA:35,3,0,0
BRDA:35,3,1,0
BRDA:36,4,0,0
BRDA:36,4,1,0
BRDA:58,5,0,0
BRDA:58,5,1,0
BRDA:61,6,0,0
BRDA:61,6,1,0
BRDA:66,7,0,0
BRDA:66,7,1,0
BRDA:66,8,0,0
BRDA:66,8,1,0
BRDA:95,9,0,0
BRDA:95,9,1,0
BRDA:98,10,0,0
BRDA:98,10,1,0
BRDA:103,11,0,0
BRDA:103,11,1,0
BRDA:103,12,0,0
BRDA:103,12,1,0
BRDA:113,13,0,0
BRDA:113,13,1,0
BRDA:113,14,0,0
BRDA:113,14,1,0
BRDA:134,15,0,0
BRDA:134,15,1,0
BRDA:137,16,0,0
BRDA:137,16,1,0
BRDA:142,17,0,0
BRDA:142,17,1,0
BRDA:142,18,0,0
BRDA:142,18,1,0
BRDA:151,19,0,0
BRDA:151,19,1,0
BRDA:160,20,0,0
BRDA:160,20,1,0
BRDA:181,21,0,0
BRDA:181,21,1,0
BRDA:184,22,0,0
BRDA:184,22,1,0
BRDA:189,23,0,0
BRDA:189,23,1,0
BRDA:189,24,0,0
BRDA:189,24,1,0
BRDA:189,24,2,0
BRDA:197,25,0,0
BRDA:197,25,1,0
BRDA:197,26,0,0
BRDA:197,26,1,0
BRDA:206,27,0,0
BRDA:206,27,1,0
BRDA:206,28,0,0
BRDA:206,28,1,0
BRDA:225,29,0,0
BRDA:225,29,1,0
BRDA:225,30,0,0
BRDA:225,30,1,0
BRDA:233,31,0,0
BRDA:233,31,1,0
BRDA:241,32,0,0
BRDA:241,32,1,0
BRDA:257,33,0,0
BRDA:257,33,1,0
BRDA:257,34,0,0
BRDA:257,34,1,0
BRDA:299,35,0,0
BRDA:299,35,1,0
BRDA:299,35,2,0
BRDA:301,36,0,0
BRDA:301,36,1,0
BRDA:309,37,0,0
BRDA:309,37,1,0
BRDA:356,38,0,0
BRDA:356,38,1,0
BRDA:364,39,0,0
BRDA:364,39,1,0
BRDA:391,40,0,0
BRDA:391,40,1,0
BRF:83
BRH:0
end_of_record
TN:
SF:tests/integration/cost-alerts-integration.test.js
FN:11,(anonymous_0)
FN:17,(anonymous_1)
FN:26,(anonymous_2)
FN:31,(anonymous_3)
FN:40,(anonymous_4)
FN:44,(anonymous_5)
FN:50,(anonymous_6)
FN:51,(anonymous_7)
FN:63,(anonymous_8)
FN:73,(anonymous_9)
FN:92,(anonymous_10)
FN:104,(anonymous_11)
FN:117,(anonymous_12)
FN:118,(anonymous_13)
FN:119,(anonymous_14)
FN:124,(anonymous_15)
FN:129,(anonymous_16)
FN:130,(anonymous_17)
FN:142,(anonymous_18)
FN:147,(anonymous_19)
FN:148,(anonymous_20)
FN:158,(anonymous_21)
FN:163,(anonymous_22)
FN:167,(anonymous_23)
FN:178,(anonymous_24)
FN:184,(anonymous_25)
FN:185,(anonymous_26)
FN:186,(anonymous_27)
FN:192,(anonymous_28)
FN:198,(anonymous_29)
FN:199,(anonymous_30)
FN:209,(anonymous_31)
FN:220,(anonymous_32)
FN:221,(anonymous_33)
FN:230,(anonymous_34)
FN:235,(anonymous_35)
FN:239,(anonymous_36)
FN:251,(anonymous_37)
FN:259,simulateCostOverrun
FN:278,(anonymous_39)
FN:285,simulateCostFileChange
FN:319,(anonymous_41)
FN:320,(anonymous_42)
FN:326,(anonymous_43)
FN:332,(anonymous_44)
FNF:45
FNH:0
FNDA:0,(anonymous_0)
FNDA:0,(anonymous_1)
FNDA:0,(anonymous_2)
FNDA:0,(anonymous_3)
FNDA:0,(anonymous_4)
FNDA:0,(anonymous_5)
FNDA:0,(anonymous_6)
FNDA:0,(anonymous_7)
FNDA:0,(anonymous_8)
FNDA:0,(anonymous_9)
FNDA:0,(anonymous_10)
FNDA:0,(anonymous_11)
FNDA:0,(anonymous_12)
FNDA:0,(anonymous_13)
FNDA:0,(anonymous_14)
FNDA:0,(anonymous_15)
FNDA:0,(anonymous_16)
FNDA:0,(anonymous_17)
FNDA:0,(anonymous_18)
FNDA:0,(anonymous_19)
FNDA:0,(anonymous_20)
FNDA:0,(anonymous_21)
FNDA:0,(anonymous_22)
FNDA:0,(anonymous_23)
FNDA:0,(anonymous_24)
FNDA:0,(anonymous_25)
FNDA:0,(anonymous_26)
FNDA:0,(anonymous_27)
FNDA:0,(anonymous_28)
FNDA:0,(anonymous_29)
FNDA:0,(anonymous_30)
FNDA:0,(anonymous_31)
FNDA:0,(anonymous_32)
FNDA:0,(anonymous_33)
FNDA:0,(anonymous_34)
FNDA:0,(anonymous_35)
FNDA:0,(anonymous_36)
FNDA:0,(anonymous_37)
FNDA:0,simulateCostOverrun
FNDA:0,(anonymous_39)
FNDA:0,simulateCostFileChange
FNDA:0,(anonymous_41)
FNDA:0,(anonymous_42)
FNDA:0,(anonymous_43)
FNDA:0,(anonymous_44)
DA:6,0
DA:7,0
DA:8,0
DA:9,0
DA:11,0
DA:14,0
DA:15,0
DA:17,0
DA:19,0
DA:20,0
DA:26,0
DA:27,0
DA:31,0
DA:32,0
DA:33,0
DA:35,0
DA:36,0
DA:40,0
DA:41,0
DA:44,0
DA:45,0
DA:46,0
DA:50,0
DA:51,0
DA:52,0
DA:53,0
DA:55,0
DA:56,0
DA:57,0
DA:58,0
DA:59,0
DA:60,0
DA:63,0
DA:64,0
DA:65,0
DA:67,0
DA:68,0
DA:69,0
DA:70,0
DA:73,0
DA:74,0
DA:79,0
DA:85,0
DA:87,0
DA:88,0
DA:89,0
DA:92,0
DA:93,0
DA:97,0
DA:99,0
DA:100,0
DA:101,0
DA:104,0
DA:105,0
DA:109,0
DA:111,0
DA:112,0
DA:113,0
DA:117,0
DA:118,0
DA:119,0
DA:120,0
DA:121,0
DA:124,0
DA:125,0
DA:129,0
DA:130,0
DA:131,0
DA:132,0
DA:133,0
DA:134,0
DA:135,0
DA:136,0
DA:138,0
DA:142,0
DA:143,0
DA:147,0
DA:148,0
DA:149,0
DA:150,0
DA:151,0
DA:152,0
DA:154,0
DA:158,0
DA:159,0
DA:163,0
DA:164,0
DA:165,0
DA:167,0
DA:168,0
DA:169,0
DA:170,0
DA:171,0
DA:175,0
DA:176,0
DA:178,0
DA:179,0
DA:184,0
DA:185,0
DA:186,0
DA:187,0
DA:188,0
DA:192,0
DA:193,0
DA:198,0
DA:199,0
DA:200,0
DA:202,0
DA:204,0
DA:205,0
DA:206,0
DA:209,0
DA:210,0
DA:216,0
DA:220,0
DA:221,0
DA:222,0
DA:224,0
DA:225,0
DA:228,0
DA:230,0
DA:231,0
DA:235,0
DA:236,0
DA:237,0
DA:239,0
DA:240,0
DA:242,0
DA:243,0
DA:244,0
DA:245,0
DA:250,0
DA:251,0
DA:252,0
DA:260,0
DA:262,0
DA:274,0
DA:275,0
DA:278,0
DA:281,0
DA:286,0
DA:287,0
DA:288,0
DA:291,0
DA:301,0
DA:302,0
DA:303,0
DA:304,0
DA:309,0
DA:310,0
DA:313,0
DA:319,0
DA:320,0
DA:323,0
DA:326,0
DA:329,0
DA:332,0
DA:335,0
LF:158
LH:0
BRDA:32,0,0,0
BRDA:32,0,1,0
BRDA:35,1,0,0
BRDA:35,1,1,0
BRDA:45,2,0,0
BRDA:45,2,1,0
BRDA:169,3,0,0
BRDA:169,3,1,0
BRDA:242,4,0,0
BRDA:242,4,1,0
BRF:10
BRH:0
end_of_record
TN:
SF:tests/integration/websocket-integration.test.js
FN:12,(anonymous_0)
FN:17,(anonymous_1)
FN:89,(anonymous_2)
FN:94,(anonymous_3)
FN:111,(anonymous_4)
FN:114,(anonymous_5)
FN:118,(anonymous_6)
FN:129,(anonymous_7)
FN:134,(anonymous_8)
FN:137,(anonymous_9)
FN:142,(anonymous_10)
FN:148,(anonymous_11)
FN:150,(anonymous_12)
FN:157,(anonymous_13)
FN:160,(anonymous_14)
FN:162,(anonymous_15)
FN:167,(anonymous_16)
FNF:17
FNH:0
FNDA:0,(anonymous_0)
FNDA:0,(anonymous_1)
FNDA:0,(anonymous_2)
FNDA:0,(anonymous_3)
FNDA:0,(anonymous_4)
FNDA:0,(anonymous_5)
FNDA:0,(anonymous_6)
FNDA:0,(anonymous_7)
FNDA:0,(anonymous_8)
FNDA:0,(anonymous_9)
FNDA:0,(anonymous_10)
FNDA:0,(anonymous_11)
FNDA:0,(anonymous_12)
FNDA:0,(anonymous_13)
FNDA:0,(anonymous_14)
FNDA:0,(anonymous_15)
FNDA:0,(anonymous_16)
DA:6,0
DA:7,0
DA:8,0
DA:9,0
DA:10,0
DA:12,0
DA:15,0
DA:17,0
DA:19,0
DA:81,0
DA:84,0
DA:89,0
DA:90,0
DA:94,0
DA:95,0
DA:96,0
DA:99,0
DA:100,0
DA:104,0
DA:105,0
DA:111,0
DA:112,0
DA:114,0
DA:115,0
DA:118,0
DA:119,0
DA:120,0
DA:121,0
DA:122,0
DA:123,0
DA:124,0
DA:125,0
DA:126,0
DA:129,0
DA:130,0
DA:134,0
DA:135,0
DA:137,0
DA:138,0
DA:140,0
DA:141,0
DA:142,0
DA:143,0
DA:148,0
DA:149,0
DA:151,0
DA:152,0
DA:157,0
DA:158,0
DA:160,0
DA:162,0
DA:163,0
DA:167,0
DA:168,0
DA:169,0
DA:171,0
DA:173,0
DA:177,0
DA:178,0
LF:59
LH:0
BRDA:95,0,0,0
BRDA:95,0,1,0
BRDA:99,1,0,0
BRDA:99,1,1,0
BRDA:140,2,0,0
BRDA:140,2,1,0
BRDA:168,3,0,0
BRDA:168,3,1,0
BRDA:177,4,0,0
BRDA:177,4,1,0
BRF:10
BRH:0
end_of_record
TN:
SF:tests/integration/agents/niche-generator-16.test.js
FN:13,(anonymous_0)
FN:19,(anonymous_1)
FN:23,(anonymous_2)
FN:26,(anonymous_3)
FN:33,(anonymous_4)
FN:34,(anonymous_5)
FN:38,(anonymous_6)
FN:47,(anonymous_7)
FN:69,(anonymous_8)
FN:79,(anonymous_9)
FN:93,(anonymous_10)
FN:102,(anonymous_11)
FN:105,(anonymous_12)
FN:124,(anonymous_13)
FN:136,(anonymous_14)
FN:137,(anonymous_15)
FN:146,(anonymous_16)
FN:149,(anonymous_17)
FN:163,(anonymous_18)
FN:166,(anonymous_19)
FN:169,(anonymous_20)
FN:177,(anonymous_21)
FN:180,(anonymous_22)
FN:194,(anonymous_23)
FN:198,(anonymous_24)
FN:199,(anonymous_25)
FN:202,(anonymous_26)
FN:217,(anonymous_27)
FN:220,(anonymous_28)
FN:223,(anonymous_29)
FN:237,(anonymous_30)
FN:241,(anonymous_31)
FN:242,(anonymous_32)
FN:247,(anonymous_33)
FN:275,(anonymous_34)
FN:293,(anonymous_35)
FN:294,(anonymous_36)
FN:297,(anonymous_37)
FN:314,(anonymous_38)
FN:317,(anonymous_39)
FN:336,(anonymous_40)
FN:337,(anonymous_41)
FN:353,(anonymous_42)
FN:366,(anonymous_43)
FN:370,(anonymous_44)
FN:375,(anonymous_45)
FN:385,(anonymous_46)
FN:388,(anonymous_47)
FN:393,(anonymous_48)
FN:409,(anonymous_49)
FN:412,(anonymous_50)
FN:436,(anonymous_51)
FN:445,calculateMockMarketScore
FNF:53
FNH:0
FNDA:0,(anonymous_0)
FNDA:0,(anonymous_1)
FNDA:0,(anonymous_2)
FNDA:0,(anonymous_3)
FNDA:0,(anonymous_4)
FNDA:0,(anonymous_5)
FNDA:0,(anonymous_6)
FNDA:0,(anonymous_7)
FNDA:0,(anonymous_8)
FNDA:0,(anonymous_9)
FNDA:0,(anonymous_10)
FNDA:0,(anonymous_11)
FNDA:0,(anonymous_12)
FNDA:0,(anonymous_13)
FNDA:0,(anonymous_14)
FNDA:0,(anonymous_15)
FNDA:0,(anonymous_16)
FNDA:0,(anonymous_17)
FNDA:0,(anonymous_18)
FNDA:0,(anonymous_19)
FNDA:0,(anonymous_20)
FNDA:0,(anonymous_21)
FNDA:0,(anonymous_22)
FNDA:0,(anonymous_23)
FNDA:0,(anonymous_24)
FNDA:0,(anonymous_25)
FNDA:0,(anonymous_26)
FNDA:0,(anonymous_27)
FNDA:0,(anonymous_28)
FNDA:0,(anonymous_29)
FNDA:0,(anonymous_30)
FNDA:0,(anonymous_31)
FNDA:0,(anonymous_32)
FNDA:0,(anonymous_33)
FNDA:0,(anonymous_34)
FNDA:0,(anonymous_35)
FNDA:0,(anonymous_36)
FNDA:0,(anonymous_37)
FNDA:0,(anonymous_38)
FNDA:0,(anonymous_39)
FNDA:0,(anonymous_40)
FNDA:0,(anonymous_41)
FNDA:0,(anonymous_42)
FNDA:0,(anonymous_43)
FNDA:0,(anonymous_44)
FNDA:0,(anonymous_45)
FNDA:0,(anonymous_46)
FNDA:0,(anonymous_47)
FNDA:0,(anonymous_48)
FNDA:0,(anonymous_49)
FNDA:0,(anonymous_50)
FNDA:0,(anonymous_51)
FNDA:0,calculateMockMarketScore
DA:9,0
DA:12,0
DA:13,0
DA:14,0
DA:15,0
DA:16,0
DA:19,0
DA:20,0
DA:23,0
DA:26,0
DA:27,0
DA:28,0
DA:29,0
DA:33,0
DA:34,0
DA:35,0
DA:38,0
DA:39,0
DA:45,0
DA:47,0
DA:50,0
DA:52,0
DA:63,0
DA:69,0
DA:70,0
DA:76,0
DA:77,0
DA:79,0
DA:82,0
DA:86,0
DA:88,0
DA:93,0
DA:94,0
DA:95,0
DA:102,0
DA:103,0
DA:105,0
DA:109,0
DA:110,0
DA:111,0
DA:112,0
DA:115,0
DA:116,0
DA:117,0
DA:118,0
DA:121,0
DA:124,0
DA:125,0
DA:127,0
DA:129,0
DA:130,0
DA:131,0
DA:132,0
DA:136,0
DA:137,0
DA:138,0
DA:146,0
DA:147,0
DA:149,0
DA:156,0
DA:157,0
DA:158,0
DA:159,0
DA:163,0
DA:166,0
DA:169,0
DA:170,0
DA:177,0
DA:178,0
DA:180,0
DA:187,0
DA:188,0
DA:189,0
DA:190,0
DA:193,0
DA:194,0
DA:198,0
DA:199,0
DA:200,0
DA:202,0
DA:209,0
DA:212,0
DA:213,0
DA:214,0
DA:217,0
DA:218,0
DA:220,0
DA:221,0
DA:223,0
DA:230,0
DA:231,0
DA:232,0
DA:233,0
DA:237,0
DA:241,0
DA:242,0
DA:243,0
DA:245,0
DA:247,0
DA:250,0
DA:253,0
DA:264,0
DA:275,0
DA:276,0
DA:278,0
DA:280,0
DA:282,0
DA:293,0
DA:294,0
DA:295,0
DA:297,0
DA:304,0
DA:306,0
DA:307,0
DA:308,0
DA:311,0
DA:314,0
DA:315,0
DA:317,0
DA:324,0
DA:326,0
DA:327,0
DA:330,0
DA:335,0
DA:336,0
DA:337,0
DA:338,0
DA:340,0
DA:341,0
DA:342,0
DA:343,0
DA:345,0
DA:353,0
DA:354,0
DA:360,0
DA:361,0
DA:362,0
DA:363,0
DA:366,0
DA:369,0
DA:370,0
DA:371,0
DA:372,0
DA:375,0
DA:385,0
DA:388,0
DA:389,0
DA:390,0
DA:393,0
DA:395,0
DA:409,0
DA:410,0
DA:412,0
DA:420,0
DA:421,0
DA:422,0
DA:423,0
DA:433,0
DA:436,0
DA:439,0
DA:441,0
DA:446,0
DA:449,0
DA:450,0
DA:453,0
DA:454,0
DA:457,0
DA:459,0
LF:168
LH:0
BRDA:28,0,0,0
BRDA:28,0,1,0
BRDA:166,1,0,0
BRDA:166,1,1,0
BRDA:335,2,0,0
BRDA:335,2,1,0
BRDA:414,3,0,0
BRDA:414,3,1,0
BRDA:414,4,0,0
BRDA:414,4,1,0
BRDA:449,5,0,0
BRDA:449,5,1,0
BRDA:450,6,0,0
BRDA:450,6,1,0
BRDA:453,7,0,0
BRDA:453,7,1,0
BRDA:454,8,0,0
BRDA:454,8,1,0
BRDA:457,9,0,0
BRDA:457,9,1,0
BRDA:457,10,0,0
BRDA:457,10,1,0
BRF:22
BRH:0
end_of_record
TN:
SF:tests/integration/agents/search-validator-20.test.js
FN:13,(anonymous_0)
FN:19,(anonymous_1)
FN:23,(anonymous_2)
FN:26,(anonymous_3)
FN:33,(anonymous_4)
FN:34,(anonymous_5)
FN:38,(anonymous_6)
FN:57,(anonymous_7)
FN:61,(anonymous_8)
FN:91,(anonymous_9)
FN:101,(anonymous_10)
FN:112,(anonymous_11)
FN:123,(anonymous_12)
FN:138,(anonymous_13)
FN:149,(anonymous_14)
FN:150,(anonymous_15)
FN:159,(anonymous_16)
FN:169,(anonymous_17)
FN:178,(anonymous_18)
FN:188,(anonymous_19)
FN:197,(anonymous_20)
FN:207,(anonymous_21)
FN:208,(anonymous_22)
FN:220,(anonymous_23)
FN:228,(anonymous_24)
FN:233,(anonymous_25)
FN:236,(anonymous_26)
FN:247,(anonymous_27)
FN:248,(anonymous_28)
FN:254,(anonymous_29)
FN:258,(anonymous_30)
FN:286,(anonymous_31)
FN:304,(anonymous_32)
FN:305,(anonymous_33)
FN:314,(anonymous_34)
FN:324,(anonymous_35)
FN:333,(anonymous_36)
FN:344,(anonymous_37)
FN:345,(anonymous_38)
FN:368,(anonymous_39)
FN:369,(anonymous_40)
FN:381,(anonymous_41)
FN:399,(anonymous_42)
FN:400,(anonymous_43)
FN:418,(anonymous_44)
FN:424,(anonymous_45)
FN:430,(anonymous_46)
FN:436,(anonymous_47)
FN:471,(anonymous_48)
FN:474,(anonymous_49)
FN:479,(anonymous_50)
FN:488,(anonymous_51)
FN:489,(anonymous_52)
FN:500,(anonymous_53)
FN:508,(anonymous_54)
FN:518,(anonymous_55)
FN:526,(anonymous_56)
FN:536,(anonymous_57)
FN:543,(anonymous_58)
FN:546,(anonymous_59)
FN:564,(anonymous_60)
FNF:61
FNH:0
FNDA:0,(anonymous_0)
FNDA:0,(anonymous_1)
FNDA:0,(anonymous_2)
FNDA:0,(anonymous_3)
FNDA:0,(anonymous_4)
FNDA:0,(anonymous_5)
FNDA:0,(anonymous_6)
FNDA:0,(anonymous_7)
FNDA:0,(anonymous_8)
FNDA:0,(anonymous_9)
FNDA:0,(anonymous_10)
FNDA:0,(anonymous_11)
FNDA:0,(anonymous_12)
FNDA:0,(anonymous_13)
FNDA:0,(anonymous_14)
FNDA:0,(anonymous_15)
FNDA:0,(anonymous_16)
FNDA:0,(anonymous_17)
FNDA:0,(anonymous_18)
FNDA:0,(anonymous_19)
FNDA:0,(anonymous_20)
FNDA:0,(anonymous_21)
FNDA:0,(anonymous_22)
FNDA:0,(anonymous_23)
FNDA:0,(anonymous_24)
FNDA:0,(anonymous_25)
FNDA:0,(anonymous_26)
FNDA:0,(anonymous_27)
FNDA:0,(anonymous_28)
FNDA:0,(anonymous_29)
FNDA:0,(anonymous_30)
FNDA:0,(anonymous_31)
FNDA:0,(anonymous_32)
FNDA:0,(anonymous_33)
FNDA:0,(anonymous_34)
FNDA:0,(anonymous_35)
FNDA:0,(anonymous_36)
FNDA:0,(anonymous_37)
FNDA:0,(anonymous_38)
FNDA:0,(anonymous_39)
FNDA:0,(anonymous_40)
FNDA:0,(anonymous_41)
FNDA:0,(anonymous_42)
FNDA:0,(anonymous_43)
FNDA:0,(anonymous_44)
FNDA:0,(anonymous_45)
FNDA:0,(anonymous_46)
FNDA:0,(anonymous_47)
FNDA:0,(anonymous_48)
FNDA:0,(anonymous_49)
FNDA:0,(anonymous_50)
FNDA:0,(anonymous_51)
FNDA:0,(anonymous_52)
FNDA:0,(anonymous_53)
FNDA:0,(anonymous_54)
FNDA:0,(anonymous_55)
FNDA:0,(anonymous_56)
FNDA:0,(anonymous_57)
FNDA:0,(anonymous_58)
FNDA:0,(anonymous_59)
FNDA:0,(anonymous_60)
DA:9,0
DA:12,0
DA:13,0
DA:14,0
DA:15,0
DA:16,0
DA:19,0
DA:20,0
DA:23,0
DA:26,0
DA:27,0
DA:28,0
DA:29,0
DA:33,0
DA:34,0
DA:35,0
DA:38,0
DA:39,0
DA:46,0
DA:54,0
DA:57,0
DA:61,0
DA:64,0
DA:65,0
DA:67,0
DA:77,0
DA:78,0
DA:81,0
DA:85,0
DA:91,0
DA:92,0
DA:98,0
DA:99,0
DA:101,0
DA:107,0
DA:108,0
DA:112,0
DA:113,0
DA:121,0
DA:123,0
DA:126,0
DA:128,0
DA:129,0
DA:138,0
DA:139,0
DA:141,0
DA:143,0
DA:144,0
DA:145,0
DA:149,0
DA:150,0
DA:151,0
DA:157,0
DA:159,0
DA:162,0
DA:164,0
DA:165,0
DA:166,0
DA:169,0
DA:170,0
DA:176,0
DA:178,0
DA:181,0
DA:183,0
DA:184,0
DA:185,0
DA:188,0
DA:189,0
DA:195,0
DA:197,0
DA:200,0
DA:202,0
DA:203,0
DA:207,0
DA:208,0
DA:209,0
DA:218,0
DA:220,0
DA:223,0
DA:225,0
DA:228,0
DA:229,0
DA:230,0
DA:233,0
DA:234,0
DA:236,0
DA:239,0
DA:242,0
DA:243,0
DA:247,0
DA:248,0
DA:249,0
DA:251,0
DA:254,0
DA:258,0
DA:261,0
DA:262,0
DA:265,0
DA:276,0
DA:286,0
DA:287,0
DA:289,0
DA:291,0
DA:293,0
DA:304,0
DA:305,0
DA:306,0
DA:312,0
DA:314,0
DA:317,0
DA:319,0
DA:320,0
DA:324,0
DA:325,0
DA:331,0
DA:333,0
DA:336,0
DA:338,0
DA:339,0
DA:344,0
DA:345,0
DA:347,0
DA:353,0
DA:360,0
DA:367,0
DA:368,0
DA:369,0
DA:371,0
DA:372,0
DA:375,0
DA:381,0
DA:389,0
DA:390,0
DA:391,0
DA:392,0
DA:393,0
DA:398,0
DA:399,0
DA:400,0
DA:401,0
DA:403,0
DA:404,0
DA:405,0
DA:406,0
DA:407,0
DA:409,0
DA:418,0
DA:419,0
DA:421,0
DA:422,0
DA:424,0
DA:425,0
DA:426,0
DA:427,0
DA:430,0
DA:436,0
DA:437,0
DA:439,0
DA:444,0
DA:445,0
DA:448,0
DA:462,0
DA:464,0
DA:465,0
DA:471,0
DA:474,0
DA:475,0
DA:476,0
DA:479,0
DA:480,0
DA:487,0
DA:488,0
DA:489,0
DA:491,0
DA:494,0
DA:495,0
DA:496,0
DA:497,0
DA:500,0
DA:501,0
DA:508,0
DA:510,0
DA:513,0
DA:514,0
DA:518,0
DA:519,0
DA:526,0
DA:528,0
DA:531,0
DA:532,0
DA:533,0
DA:536,0
DA:537,0
DA:543,0
DA:544,0
DA:546,0
DA:553,0
DA:554,0
DA:555,0
DA:556,0
DA:563,0
DA:564,0
DA:565,0
LF:203
LH:0
BRDA:28,0,0,0
BRDA:28,0,1,0
BRDA:384,1,0,0
BRDA:384,1,1,0
BRDA:385,2,0,0
BRDA:385,2,1,0
BRDA:398,3,0,0
BRDA:398,3,1,0
BRDA:458,4,0,0
BRDA:458,4,1,0
BRF:10
BRH:0
end_of_record
TN:
SF:tests/integration/mock/research-workflow.test.js
FN:9,(anonymous_0)
FN:13,(anonymous_1)
FN:19,(anonymous_2)
FN:25,(anonymous_3)
FN:29,(anonymous_4)
FN:97,(anonymous_5)
FN:108,(anonymous_6)
FN:130,(anonymous_7)
FN:179,(anonymous_8)
FN:195,(anonymous_9)
FN:209,(anonymous_10)
FN:212,(anonymous_11)
FN:214,(anonymous_12)
FN:218,(anonymous_13)
FN:222,(anonymous_14)
FN:245,(anonymous_15)
FNF:16
FNH:0
FNDA:0,(anonymous_0)
FNDA:0,(anonymous_1)
FNDA:0,(anonymous_2)
FNDA:0,(anonymous_3)
FNDA:0,(anonymous_4)
FNDA:0,(anonymous_5)
FNDA:0,(anonymous_6)
FNDA:0,(anonymous_7)
FNDA:0,(anonymous_8)
FNDA:0,(anonymous_9)
FNDA:0,(anonymous_10)
FNDA:0,(anonymous_11)
FNDA:0,(anonymous_12)
FNDA:0,(anonymous_13)
FNDA:0,(anonymous_14)
FNDA:0,(anonymous_15)
DA:6,0
DA:7,0
DA:9,0
DA:13,0
DA:14,0
DA:15,0
DA:16,0
DA:19,0
DA:20,0
DA:21,0
DA:25,0
DA:26,0
DA:29,0
DA:30,0
DA:31,0
DA:34,0
DA:38,0
DA:40,0
DA:41,0
DA:42,0
DA:45,0
DA:53,0
DA:55,0
DA:56,0
DA:57,0
DA:60,0
DA:71,0
DA:73,0
DA:74,0
DA:77,0
DA:78,0
DA:80,0
DA:81,0
DA:82,0
DA:85,0
DA:86,0
DA:88,0
DA:89,0
DA:90,0
DA:93,0
DA:94,0
DA:97,0
DA:98,0
DA:99,0
DA:100,0
DA:101,0
DA:102,0
DA:105,0
DA:108,0
DA:109,0
DA:110,0
DA:113,0
DA:123,0
DA:125,0
DA:127,0
DA:130,0
DA:131,0
DA:132,0
DA:135,0
DA:144,0
DA:145,0
DA:146,0
DA:153,0
DA:158,0
DA:159,0
DA:165,0
DA:166,0
DA:167,0
DA:171,0
DA:175,0
DA:176,0
DA:179,0
DA:181,0
DA:183,0
DA:184,0
DA:187,0
DA:188,0
DA:191,0
DA:195,0
DA:196,0
DA:197,0
DA:200,0
DA:206,0
DA:209,0
DA:212,0
DA:213,0
DA:214,0
DA:217,0
DA:218,0
DA:219,0
DA:222,0
DA:223,0
DA:224,0
DA:227,0
DA:228,0
DA:231,0
DA:232,0
DA:233,0
DA:234,0
DA:235,0
DA:238,0
DA:239,0
DA:240,0
DA:243,0
DA:244,0
DA:245,0
LF:106
LH:0
BRDA:20,0,0,0
BRDA:20,0,1,0
BRDA:160,1,0,0
BRDA:160,1,1,0
BRDA:187,2,0,0
BRDA:187,2,1,0
BRDA:214,3,0,0
BRDA:214,3,1,0
BRF:8
BRH:0
end_of_record
TN:
SF:tests/setup/jest.setup.js
FN:17,(anonymous_0)
FN:38,(anonymous_1)
FN:66,(anonymous_2)
FN:72,(anonymous_3)
FN:77,(anonymous_4)
FN:83,(anonymous_5)
FN:89,(anonymous_6)
FN:94,(anonymous_7)
FN:100,(anonymous_8)
FN:106,(anonymous_9)
FN:111,(anonymous_10)
FN:120,(anonymous_11)
FN:130,(anonymous_12)
FN:142,(anonymous_13)
FN:148,(anonymous_14)
FN:152,(anonymous_15)
FN:159,(anonymous_16)
FN:166,(anonymous_17)
FN:179,(anonymous_18)
FN:189,(anonymous_19)
FNF:20
FNH:0
FNDA:0,(anonymous_0)
FNDA:0,(anonymous_1)
FNDA:0,(anonymous_2)
FNDA:0,(anonymous_3)
FNDA:0,(anonymous_4)
FNDA:0,(anonymous_5)
FNDA:0,(anonymous_6)
FNDA:0,(anonymous_7)
FNDA:0,(anonymous_8)
FNDA:0,(anonymous_9)
FNDA:0,(anonymous_10)
FNDA:0,(anonymous_11)
FNDA:0,(anonymous_12)
FNDA:0,(anonymous_13)
FNDA:0,(anonymous_14)
FNDA:0,(anonymous_15)
FNDA:0,(anonymous_16)
FNDA:0,(anonymous_17)
FNDA:0,(anonymous_18)
FNDA:0,(anonymous_19)
DA:6,0
DA:7,0
DA:10,0
DA:11,0
DA:17,0
DA:19,0
DA:20,0
DA:23,0
DA:24,0
DA:25,0
DA:26,0
DA:30,0
DA:31,0
DA:32,0
DA:33,0
DA:38,0
DA:40,0
DA:41,0
DA:45,0
DA:48,0
DA:49,0
DA:50,0
DA:51,0
DA:52,0
DA:55,0
DA:56,0
DA:59,0
DA:60,0
DA:65,0
DA:67,0
DA:68,0
DA:70,0
DA:71,0
DA:72,0
DA:76,0
DA:77,0
DA:84,0
DA:85,0
DA:87,0
DA:88,0
DA:89,0
DA:93,0
DA:94,0
DA:102,0
DA:104,0
DA:105,0
DA:106,0
DA:110,0
DA:111,0
DA:119,0
DA:121,0
DA:123,0
DA:124,0
DA:127,0
DA:131,0
DA:134,0
DA:135,0
DA:136,0
DA:137,0
DA:138,0
DA:142,0
DA:145,0
DA:149,0
DA:153,0
DA:154,0
DA:160,0
DA:161,0
DA:163,0
DA:167,0
DA:168,0
DA:170,0
DA:171,0
DA:173,0
DA:178,0
DA:179,0
DA:181,0
DA:182,0
DA:185,0
DA:189,0
DA:190,0
DA:195,0
DA:197,0
LF:82
LH:0
BRDA:23,0,0,0
BRDA:23,0,1,0
BRDA:32,1,0,0
BRDA:32,1,1,0
BRDA:40,2,0,0
BRDA:40,2,1,0
BRDA:55,3,0,0
BRDA:55,3,1,0
BRDA:59,4,0,0
BRDA:59,4,1,0
BRDA:66,5,0,0
BRDA:70,6,0,0
BRDA:70,6,1,0
BRDA:87,7,0,0
BRDA:87,7,1,0
BRDA:104,8,0,0
BRDA:104,8,1,0
BRDA:120,9,0,0
BRDA:123,10,0,0
BRDA:123,10,1,0
BRDA:123,11,0,0
BRDA:123,11,1,0
BRDA:131,12,0,0
BRDA:131,12,1,0
BRDA:138,13,0,0
BRDA:138,13,1,0
BRDA:149,14,0,0
BRDA:149,14,1,0
BRDA:153,15,0,0
BRDA:153,15,1,0
BRDA:160,16,0,0
BRDA:160,16,1,0
BRDA:170,17,0,0
BRDA:170,17,1,0
BRDA:182,18,0,0
BRDA:182,18,1,0
BRDA:182,19,0,0
BRDA:182,19,1,0
BRF:38
BRH:0
end_of_record
